\BOOKMARK [0][-]{chapter.1}{Addition of Angular Momentum}{}% 1
\BOOKMARK [1][-]{section.1.1}{The General Problem}{chapter.1}% 2
\BOOKMARK [1][-]{section.1.2}{Irreducible Tensor Operators}{chapter.1}% 3
\BOOKMARK [1][-]{section.1.3}{Explaining some "Accidental" Degeneracies}{chapter.1}% 4
\BOOKMARK [0][-]{chapter.2}{Systems with N degrees of freedom}{}% 5
\BOOKMARK [1][-]{section.2.1}{N Particles in One Dimension}{chapter.2}% 6
\BOOKMARK [2][-]{subsection.2.1.1}{The Two-Particle Hilbert Space}{section.2.1}% 7
\BOOKMARK [1][-]{section.2.2}{More Particles in More Dimensions}{chapter.2}% 8
\BOOKMARK [1][-]{section.2.3}{Identical Particles}{chapter.2}% 9
\BOOKMARK [0][-]{chapter.3}{Approximations}{}% 10
\BOOKMARK [1][-]{section.3.1}{Variational Theory}{chapter.3}% 11
\BOOKMARK [1][-]{section.3.2}{Ground State of Helium}{chapter.3}% 12
\BOOKMARK [1][-]{section.3.3}{The Hydrogen Molecule Ion}{chapter.3}% 13
\BOOKMARK [1][-]{section.3.4}{The "Classical" Region}{chapter.3}% 14
\BOOKMARK [1][-]{section.3.5}{Tunneling}{chapter.3}% 15
\BOOKMARK [1][-]{section.3.6}{The Connection Formulae}{chapter.3}% 16
\BOOKMARK [1][-]{section.3.7}{The Adiabatic Theorem}{chapter.3}% 17
\BOOKMARK [1][-]{section.3.8}{Berry's Phase}{chapter.3}% 18
\BOOKMARK [0][-]{chapter.4}{Perturbation Theory}{}% 19
\BOOKMARK [1][-]{section.4.1}{Non-Degenerate Perturbation Theory}{chapter.4}% 20
\BOOKMARK [2][-]{subsection.4.1.1}{General Formulation}{section.4.1}% 21
\BOOKMARK [2][-]{subsection.4.1.2}{First order perturbation theory}{section.4.1}% 22
\BOOKMARK [2][-]{subsection.4.1.3}{Second order perturbation theory}{section.4.1}% 23
\BOOKMARK [1][-]{section.4.2}{Degenerate Perturbation Theory}{chapter.4}% 24
\BOOKMARK [2][-]{subsection.4.2.1}{Motivation}{section.4.2}% 25
\BOOKMARK [2][-]{subsection.4.2.2}{Twofold Degeneracy}{section.4.2}% 26
\BOOKMARK [2][-]{subsection.4.2.3}{Higher-Order Degeneracy}{section.4.2}% 27
\BOOKMARK [2][-]{subsection.4.2.4}{Lamb Shift}{section.4.2}% 28
\BOOKMARK [1][-]{section.4.3}{The Zeeman Effect}{chapter.4}% 29
\BOOKMARK [2][-]{subsection.4.3.1}{Weak-Field Zeeman Effect}{section.4.3}% 30
\BOOKMARK [2][-]{subsection.4.3.2}{Strong-Field Zeeman Effect}{section.4.3}% 31
\BOOKMARK [2][-]{subsection.4.3.3}{Intermediate Zeeman Effect}{section.4.3}% 32
\BOOKMARK [1][-]{section.4.4}{Hyperfine Splitting in Hydrogen}{chapter.4}% 33
\BOOKMARK [1][-]{section.4.5}{Introduction to quantum dynamics}{chapter.4}% 34
\BOOKMARK [1][-]{section.4.6}{Two level systems}{chapter.4}% 35
\BOOKMARK [2][-]{subsection.4.6.1}{Introduction}{section.4.6}% 36
\BOOKMARK [2][-]{subsection.4.6.2}{The perturbed system}{section.4.6}% 37
\BOOKMARK [2][-]{subsection.4.6.3}{Time-Dependent Perturbation Theory}{section.4.6}% 38
\BOOKMARK [2][-]{subsection.4.6.4}{Sinusoidal Perturbations}{section.4.6}% 39
\BOOKMARK [1][-]{section.4.7}{Emission and Absorption of Radiation}{chapter.4}% 40
\BOOKMARK [2][-]{subsection.4.7.1}{Electromagnetic Waves}{section.4.7}% 41
\BOOKMARK [2][-]{subsection.4.7.2}{Absorption, stimulated emission and spontaneous emission}{section.4.7}% 42
\BOOKMARK [2][-]{subsection.4.7.3}{Incoherent perturbations}{section.4.7}% 43
\BOOKMARK [1][-]{section.4.8}{Spontaneous Emission}{chapter.4}% 44
\BOOKMARK [2][-]{subsection.4.8.1}{Einstein's A and B coefficients}{section.4.8}% 45
\BOOKMARK [2][-]{subsection.4.8.2}{The lifetime of an excited state}{section.4.8}% 46
\BOOKMARK [2][-]{subsection.4.8.3}{Selection rules}{section.4.8}% 47
\BOOKMARK [0][-]{chapter.5}{Scattering}{}% 48
\BOOKMARK [1][-]{section.5.1}{Classical Scattering}{chapter.5}% 49
\BOOKMARK [2][-]{subsection.5.1.1}{Motivation}{section.5.1}% 50
\BOOKMARK [2][-]{subsection.5.1.2}{The problem}{section.5.1}% 51
\BOOKMARK [2][-]{subsection.5.1.3}{Solving for differential cross-section}{section.5.1}% 52
\BOOKMARK [1][-]{section.5.2}{Quantum Scattering}{chapter.5}% 53
\BOOKMARK [2][-]{subsection.5.2.1}{Defining the problem}{section.5.2}% 54
\BOOKMARK [2][-]{subsection.5.2.2}{Determining scattering amplitude}{section.5.2}% 55
\BOOKMARK [1][-]{section.5.3}{Partial Wave Analysis}{chapter.5}% 56
\BOOKMARK [2][-]{subsection.5.3.1}{Formalism}{section.5.3}% 57
\BOOKMARK [2][-]{subsection.5.3.2}{Exact wavefunction and the partial wave amplitude}{section.5.3}% 58
\BOOKMARK [1][-]{section.5.4}{Phase Shift}{chapter.5}% 59
\BOOKMARK [1][-]{section.5.5}{Born Approximation}{chapter.5}% 60
\BOOKMARK [2][-]{subsection.5.5.1}{Integral Form of the Schrodinger Equation}{section.5.5}% 61
\BOOKMARK [2][-]{subsection.5.5.2}{The First Born Approximation}{section.5.5}% 62
\BOOKMARK [2][-]{subsection.5.5.3}{Examples}{section.5.5}% 63
\BOOKMARK [2][-]{subsection.5.5.4}{The Born series}{section.5.5}% 64
\BOOKMARK [0][-]{chapter.6}{Path Integral Formulation}{}% 65
\BOOKMARK [1][-]{section.6.1}{The Path Integral Recepie}{chapter.6}% 66
\BOOKMARK [1][-]{section.6.2}{An Approximation to U\(t\) for a Free Particle}{chapter.6}% 67
\BOOKMARK [1][-]{section.6.3}{Path Integral Evaluation of the Free-Particle Propagator}{chapter.6}% 68
\BOOKMARK [1][-]{section.6.4}{Equivalence to the Schrodinger Equation}{chapter.6}% 69
\BOOKMARK [1][-]{section.6.5}{Derivation of the Path Integral}{chapter.6}% 70
\BOOKMARK [1][-]{section.6.6}{Imaginary Time Formalism}{chapter.6}% 71
\BOOKMARK [0][-]{chapter.7}{Dirac Equation}{}% 72
\BOOKMARK [1][-]{section.7.1}{The Klein-Gordon Equation}{chapter.7}% 73
\BOOKMARK [1][-]{section.7.2}{Covariant Formalism}{chapter.7}% 74
\BOOKMARK [2][-]{subsection.7.2.1}{The Adjoint Spinor and the Covariant Current}{section.7.2}% 75
\BOOKMARK [1][-]{section.7.3}{Solutions to the Dirac Equation}{chapter.7}% 76
\BOOKMARK [2][-]{subsection.7.3.1}{Particles at Rest}{section.7.3}% 77
\BOOKMARK [2][-]{subsection.7.3.2}{General Free-Particle Solutions}{section.7.3}% 78
\BOOKMARK [1][-]{section.7.4}{Antiparticles}{chapter.7}% 79
\BOOKMARK [2][-]{subsection.7.4.1}{The Dirac Sea Interpretation}{section.7.4}% 80
\BOOKMARK [2][-]{subsection.7.4.2}{The Feynman-Stuckelberg Interpretation}{section.7.4}% 81
\BOOKMARK [2][-]{subsection.7.4.3}{Antiparticle Spinors}{section.7.4}% 82
