\BOOKMARK [0][-]{chapter*.2}{Preface}{}% 1
\BOOKMARK [0][-]{chapter.1}{Rings}{}% 2
\BOOKMARK [1][-]{section.1.1}{Definition}{chapter.1}% 3
\BOOKMARK [1][-]{section.1.2}{Formal Construction of Integers and Polynomials}{chapter.1}% 4
\BOOKMARK [0][-]{chapter.2}{Galois Theory}{}% 5
\BOOKMARK [1][-]{section.2.1}{Heuristics}{chapter.2}% 6
\BOOKMARK [2][-]{subsection.2.1.1}{The big question}{section.2.1}% 7
\BOOKMARK [2][-]{subsection.2.1.2}{More big questions}{section.2.1}% 8
\BOOKMARK [2][-]{subsection.2.1.3}{Visualizing field extensions}{section.2.1}% 9
\BOOKMARK [2][-]{subsection.2.1.4}{Irreducible polynomials}{section.2.1}% 10
\BOOKMARK [2][-]{subsection.2.1.5}{Galois groups}{section.2.1}% 11
\BOOKMARK [2][-]{subsection.2.1.6}{The heart of Galois theory}{section.2.1}% 12
\BOOKMARK [2][-]{subsection.2.1.7}{Unsolvability}{section.2.1}% 13
\BOOKMARK [1][-]{section.2.2}{The Main Theorem of Galois Theory}{chapter.2}% 14
\BOOKMARK [1][-]{section.2.3}{Cubic Equations}{chapter.2}% 15
\BOOKMARK [1][-]{section.2.4}{Symmetric Functions}{chapter.2}% 16
\BOOKMARK [1][-]{section.2.5}{Primitive Elements}{chapter.2}% 17
\BOOKMARK [1][-]{section.2.6}{Proof of the Main Theorem}{chapter.2}% 18
\BOOKMARK [1][-]{section.2.7}{Quartic Equations}{chapter.2}% 19
\BOOKMARK [1][-]{section.2.8}{Kummer Extensions}{chapter.2}% 20
\BOOKMARK [1][-]{section.2.9}{Cyclotomic Extensions}{chapter.2}% 21
\BOOKMARK [1][-]{section.2.10}{Quintic Equations}{chapter.2}% 22
\BOOKMARK [0][-]{chapter.3}{Unconstrained Optimization \046 Linear Programming}{}% 23
\BOOKMARK [1][-]{section.3.1}{Basic Concepts}{chapter.3}% 24
\BOOKMARK [1][-]{section.3.2}{Linear Programming}{chapter.3}% 25
\BOOKMARK [1][-]{section.3.3}{Simplex Method}{chapter.3}% 26
\BOOKMARK [2][-]{subsection.3.3.1}{Simplex Method: Difficulties}{section.3.3}% 27
\BOOKMARK [0][-]{chapter.4}{Graphs \046 Combinotorial Optimization}{}% 28
\BOOKMARK [1][-]{section.4.1}{Combinotorial Optimization}{chapter.4}% 29
\BOOKMARK [1][-]{section.4.2}{Graphs}{chapter.4}% 30
\BOOKMARK [1][-]{section.4.3}{Digraphs}{chapter.4}% 31
\BOOKMARK [1][-]{section.4.4}{Shortest Path Problems}{chapter.4}% 32
\BOOKMARK [2][-]{subsection.4.4.1}{Complexities}{section.4.4}% 33
\BOOKMARK [1][-]{section.4.5}{Bellman's Principle}{chapter.4}% 34
\BOOKMARK [1][-]{section.4.6}{Dijkstra's Algorithm}{chapter.4}% 35
\BOOKMARK [1][-]{section.4.7}{Shortest Spanning Trees}{chapter.4}% 36
\BOOKMARK [2][-]{subsection.4.7.1}{Greedy's Algorithm}{section.4.7}% 37
\BOOKMARK [2][-]{subsection.4.7.2}{Prim's Algorithm}{section.4.7}% 38
\BOOKMARK [1][-]{section.4.8}{Flows in Networks}{chapter.4}% 39
\BOOKMARK [2][-]{subsection.4.8.1}{Maximum Flow: Ford-Fulkerson Algorithm}{section.4.8}% 40
\BOOKMARK [1][-]{section.4.9}{Bipartite Graphs}{chapter.4}% 41
\BOOKMARK [0][-]{chapter.5}{Probability}{}% 42
\BOOKMARK [0][-]{chapter.6}{Statistics}{}% 43
