This is pdfTeX, Version 3.14159265-2.6-1.40.21 (MiKTeX 20.10) (preloaded format=pdflatex 2020.10.31)  3 NOV 2020 16:47
entering extended mode
**./stat_mech.tex
(stat_mech.tex
LaTeX2e <2020-10-01> patch level 1
L3 programming layer <2020-10-05> xparse <2020-03-03>
("D:\0.Library\0. Software\MikTek\tex/latex/base\article.cls"
Document Class: article 2020/04/10 v1.4m Standard LaTeX document class
("D:\0.Library\0. Software\MikTek\tex/latex/base\size10.clo"
File: size10.clo 2020/04/10 v1.4m Standard LaTeX file (size option)
)
\c@part=\count175
\c@section=\count176
\c@subsection=\count177
\c@subsubsection=\count178
\c@paragraph=\count179
\c@subparagraph=\count180
\c@figure=\count181
\c@table=\count182
\abovecaptionskip=\skip47
\belowcaptionskip=\skip48
\bibindent=\dimen138
)
("D:\0.Library\0. Software\MikTek\tex/latex/l3backend\l3backend-pdftex.def"
File: l3backend-pdftex.def 2020-09-24 L3 backend support: PDF output (pdfTeX)
\l__kernel_color_stack_int=\count183
\l__pdf_internal_box=\box47
)
(stat_mech.aux)
\openout1 = `stat_mech.aux'.

LaTeX Font Info:    Checking defaults for OML/cmm/m/it on input line 7.
LaTeX Font Info:    ... okay on input line 7.
LaTeX Font Info:    Checking defaults for OMS/cmsy/m/n on input line 7.
LaTeX Font Info:    ... okay on input line 7.
LaTeX Font Info:    Checking defaults for OT1/cmr/m/n on input line 7.
LaTeX Font Info:    ... okay on input line 7.
LaTeX Font Info:    Checking defaults for T1/cmr/m/n on input line 7.
LaTeX Font Info:    ... okay on input line 7.
LaTeX Font Info:    Checking defaults for TS1/cmr/m/n on input line 7.
LaTeX Font Info:    ... okay on input line 7.
LaTeX Font Info:    Checking defaults for OMX/cmex/m/n on input line 7.
LaTeX Font Info:    ... okay on input line 7.
LaTeX Font Info:    Checking defaults for U/cmr/m/n on input line 7.
LaTeX Font Info:    ... okay on input line 7.
LaTeX Font Info:    External font `cmex10' loaded for size
(Font)              <12> on input line 9.
LaTeX Font Info:    External font `cmex10' loaded for size
(Font)              <8> on input line 9.
LaTeX Font Info:    External font `cmex10' loaded for size
(Font)              <6> on input line 9.
 [1

{C:/Users/Pugazh/AppData/Local/MiKTeX/pdftex/config/pdftex.map}] (stat_mech.aux
) ) 
Here is how much of TeX's memory you used:
 415 strings out of 480236
 7502 string characters out of 2886654
 269835 words of memory out of 3000000
 17041 multiletter control sequences out of 15000+200000
 539335 words of font info for 43 fonts, out of 3000000 for 9000
 1141 hyphenation exceptions out of 8191
 41i,6n,47p,157b,189s stack positions out of 5000i,500n,10000p,200000b,50000s
<D:/0.Library/0. Software/MikTek/fonts/type1/public/amsfonts/cm/cmbx12.pfb><
D:/0.Library/0. Software/MikTek/fonts/type1/public/amsfonts/cm/cmbx9.pfb><D:/0.
Library/0. Software/MikTek/fonts/type1/public/amsfonts/cm/cmr10.pfb><D:/0.Libra
ry/0. Software/MikTek/fonts/type1/public/amsfonts/cm/cmr12.pfb><D:/0.Library/0.
 Software/MikTek/fonts/type1/public/amsfonts/cm/cmr17.pfb>
Output written on stat_mech.pdf (1 page, 53118 bytes).
PDF statistics:
 26 PDF objects out of 1000 (max. 8388607)
 0 named destinations out of 1000 (max. 500000)
 1 words of extra memory for PDF output out of 10000 (max. 10000000)

