This is pdfTeX, Version 3.14159265-2.6-1.40.21 (TeX Live 2020/W32TeX) (preloaded format=pdflatex 2020.6.2)  6 SEP 2020 23:08
entering extended mode
 restricted \write18 enabled.
 %&-line parsing enabled.
**locality.tex
(./locality.tex
LaTeX2e <2020-02-02> patch level 5
L3 programming layer <2020-05-15>
(d:/0.Library/0. Software/TeX Live/texlive/2020/texmf-dist/tex/latex/base/artic
le.cls
Document Class: article 2019/12/20 v1.4l Standard LaTeX document class

(d:/0.Library/0. Software/TeX Live/texlive/2020/texmf-dist/tex/latex/base/size1
0.clo
File: size10.clo 2019/12/20 v1.4l Standard LaTeX file (size option)
)
\c@part=\count167
\c@section=\count168
\c@subsection=\count169
\c@subsubsection=\count170
\c@paragraph=\count171
\c@subparagraph=\count172
\c@figure=\count173
\c@table=\count174
\abovecaptionskip=\skip47
\belowcaptionskip=\skip48
\bibindent=\dimen134
)
(d:/0.Library/0. Software/TeX Live/texlive/2020/texmf-dist/tex/latex/l3backend/
l3backend-pdfmode.def
File: l3backend-pdfmode.def 2020-05-05 L3 backend support: PDF mode
\l__kernel_color_stack_int=\count175
\l__pdf_internal_box=\box45
) (./locality.aux)
\openout1 = `locality.aux'.

LaTeX Font Info:    Checking defaults for OML/cmm/m/it on input line 7.
LaTeX Font Info:    ... okay on input line 7.
LaTeX Font Info:    Checking defaults for OMS/cmsy/m/n on input line 7.
LaTeX Font Info:    ... okay on input line 7.
LaTeX Font Info:    Checking defaults for OT1/cmr/m/n on input line 7.
LaTeX Font Info:    ... okay on input line 7.
LaTeX Font Info:    Checking defaults for T1/cmr/m/n on input line 7.
LaTeX Font Info:    ... okay on input line 7.
LaTeX Font Info:    Checking defaults for TS1/cmr/m/n on input line 7.
LaTeX Font Info:    ... okay on input line 7.
LaTeX Font Info:    Checking defaults for OMX/cmex/m/n on input line 7.
LaTeX Font Info:    ... okay on input line 7.
LaTeX Font Info:    Checking defaults for U/cmr/m/n on input line 7.
LaTeX Font Info:    ... okay on input line 7.
LaTeX Font Info:    External font `cmex10' loaded for size
(Font)              <12> on input line 9.
LaTeX Font Info:    External font `cmex10' loaded for size
(Font)              <8> on input line 9.
LaTeX Font Info:    External font `cmex10' loaded for size
(Font)              <6> on input line 9.
 [1

{d:/0.Library/0. Software/TeX Live/texlive/2020/texmf-var/fonts/map/pdftex/updm
ap/pdftex.map}] (./locality.aux) ) 
Here is how much of TeX's memory you used:
 389 strings out of 480476
 6715 string characters out of 5888293
 240159 words of memory out of 5000000
 16487 multiletter control sequences out of 15000+600000
 536585 words of font info for 38 fonts, out of 8000000 for 9000
 1141 hyphenation exceptions out of 8191
 25i,6n,19p,161b,187s stack positions out of 5000i,500n,10000p,200000b,80000s
<d:/0.Library/0. Software/TeX Live/texlive/20
20/texmf-dist/fonts/type1/public/amsfonts/cm/cmbx12.pfb><d:/0.Library/0. Softwa
re/TeX Live/texlive/2020/texmf-dist/fonts/type1/public/amsfonts/cm/cmbx9.pfb><d
:/0.Library/0. Software/TeX Live/texlive/2020/texmf-dist/fonts/type1/public/ams
fonts/cm/cmr10.pfb><d:/0.Library/0. Software/TeX Live/texlive/2020/texmf-dist/f
onts/type1/public/amsfonts/cm/cmr12.pfb><d:/0.Library/0. Software/TeX Live/texl
ive/2020/texmf-dist/fonts/type1/public/amsfonts/cm/cmr17.pfb>
Output written on locality.pdf (1 page, 50064 bytes).
PDF statistics:
 28 PDF objects out of 1000 (max. 8388607)
 19 compressed objects within 1 object stream
 0 named destinations out of 1000 (max. 500000)
 1 words of extra memory for PDF output out of 10000 (max. 10000000)

