\BOOKMARK [0][-]{chapter.1}{A Historical Overview}{}% 1
\BOOKMARK [1][-]{subsection.1.0.1}{Blackbody Radiation}{chapter.1}% 2
\BOOKMARK [2][-]{subsection.1.0.2}{The de Broglie Hypothesis}{subsection.1.0.1}% 3
\BOOKMARK [1][-]{section.1.1}{Premise}{chapter.1}% 4
\BOOKMARK [1][-]{section.1.2}{Deriving the Rayleigh-Jeans Formula}{chapter.1}% 5
\BOOKMARK [1][-]{section.1.3}{Failure of the Rayleigh Jeans theory in explaining the Stefan-Boltzmann Law}{chapter.1}% 6
\BOOKMARK [2][-]{subsection.1.3.1}{Incorrect Scaling function}{section.1.3}% 7
\BOOKMARK [2][-]{subsection.1.3.2}{The Ultraviolet Catastrophe}{section.1.3}% 8
\BOOKMARK [2][-]{subsection.1.3.3}{Consequences}{section.1.3}% 9
\BOOKMARK [0][-]{chapter.2}{Mathematical Preliminaries}{}% 10
\BOOKMARK [1][-]{section.2.1}{Matrix Inversion}{chapter.2}% 11
\BOOKMARK [1][-]{section.2.2}{Complex Numbers}{chapter.2}% 12
\BOOKMARK [2][-]{subsection.2.2.1}{Addition}{section.2.2}% 13
\BOOKMARK [2][-]{subsection.2.2.2}{Multiplication}{section.2.2}% 14
\BOOKMARK [2][-]{subsection.2.2.3}{Properties}{section.2.2}% 15
\BOOKMARK [2][-]{subsection.2.2.4}{Notation}{section.2.2}% 16
\BOOKMARK [2][-]{subsection.2.2.5}{Wessel Plane}{section.2.2}% 17
\BOOKMARK [1][-]{section.2.3}{Linear Vector Spaces}{chapter.2}% 18
\BOOKMARK [2][-]{subsection.2.3.1}{Commutativity}{section.2.3}% 19
\BOOKMARK [2][-]{subsection.2.3.2}{Associativity}{section.2.3}% 20
\BOOKMARK [2][-]{subsection.2.3.3}{Additive Identity}{section.2.3}% 21
\BOOKMARK [2][-]{subsection.2.3.4}{Additive Inverse}{section.2.3}% 22
\BOOKMARK [2][-]{subsection.2.3.5}{Multiplicative identity}{section.2.3}% 23
\BOOKMARK [2][-]{subsection.2.3.6}{Distributive properties}{section.2.3}% 24
\BOOKMARK [1][-]{section.2.4}{Inner Product Spaces}{chapter.2}% 25
\BOOKMARK [1][-]{section.2.5}{Dual Spaces}{chapter.2}% 26
\BOOKMARK [1][-]{section.2.6}{Dirac Notation}{chapter.2}% 27
\BOOKMARK [1][-]{section.2.7}{Subspaces}{chapter.2}% 28
\BOOKMARK [1][-]{section.2.8}{Hilbert Spaces}{chapter.2}% 29
\BOOKMARK [1][-]{section.2.9}{Linear Operators}{chapter.2}% 30
\BOOKMARK [1][-]{section.2.10}{Eigenvalue Problem}{chapter.2}% 31
\BOOKMARK [1][-]{section.2.11}{Eigenfunctions of a Hermitian Operator}{chapter.2}% 32
\BOOKMARK [1][-]{section.2.12}{Transformations}{chapter.2}% 33
\BOOKMARK [2][-]{subsection.2.12.1}{Active Tranformation}{section.2.12}% 34
\BOOKMARK [2][-]{subsection.2.12.2}{Passive Tranformation}{section.2.12}% 35
\BOOKMARK [2][-]{subsection.2.12.3}{Equivalence of Transformation types}{section.2.12}% 36
\BOOKMARK [1][-]{section.2.13}{Functions of Operators}{chapter.2}% 37
\BOOKMARK [1][-]{section.2.14}{Generalization to Infinite Dimensions}{chapter.2}% 38
\BOOKMARK [1][-]{section.2.15}{Probability}{chapter.2}% 39
\BOOKMARK [2][-]{subsection.2.15.1}{Discrete Variables}{section.2.15}% 40
\BOOKMARK [2][-]{subsection.2.15.2}{Continuous Variables}{section.2.15}% 41
\BOOKMARK [1][-]{section.2.16}{Expectation Values}{chapter.2}% 42
\BOOKMARK [1][-]{section.2.17}{Fourier Analysis}{chapter.2}% 43
\BOOKMARK [2][-]{subsection.2.17.1}{Dirichelet's Theorem}{section.2.17}% 44
\BOOKMARK [2][-]{subsection.2.17.2}{Fourier Transform}{section.2.17}% 45
\BOOKMARK [1][-]{section.2.18}{Delta Function}{chapter.2}% 46
\BOOKMARK [2][-]{subsection.2.18.1}{The Divergence of r2}{section.2.18}% 47
\BOOKMARK [2][-]{subsection.2.18.2}{The One-Dimensional Dirac Delta Functional}{section.2.18}% 48
\BOOKMARK [2][-]{subsection.2.18.3}{The Three-Dimensional Dirac Delta Function}{section.2.18}% 49
\BOOKMARK [1][-]{section.2.19}{Gaussian Integrals}{chapter.2}% 50
\BOOKMARK [1][-]{section.2.20}{The i \040Prescription}{chapter.2}% 51
\BOOKMARK [1][-]{section.2.21}{Permutation Functions}{chapter.2}% 52
\BOOKMARK [2][-]{subsection.2.21.1}{Kronecker delta}{section.2.21}% 53
\BOOKMARK [2][-]{subsection.2.21.2}{Levi-Civita Pseudotensor}{section.2.21}% 54
\BOOKMARK [0][-]{chapter.3}{Formalism}{}% 55
\BOOKMARK [1][-]{section.3.1}{Normalization}{chapter.3}% 56
\BOOKMARK [1][-]{section.3.2}{Summary of Postulates}{chapter.3}% 57
\BOOKMARK [1][-]{section.3.3}{Generalized Uncertainty Principle}{chapter.3}% 58
\BOOKMARK [1][-]{section.3.4}{Generalized Statistical Interpretation}{chapter.3}% 59
\BOOKMARK [2][-]{subsection.3.4.1}{Position Measurements}{section.3.4}% 60
\BOOKMARK [2][-]{subsection.3.4.2}{Momentum Measurements}{section.3.4}% 61
\BOOKMARK [0][-]{chapter.4}{Toy Models}{}% 62
\BOOKMARK [1][-]{section.4.1}{Time-Dependent Schrodinger Equation}{chapter.4}% 63
\BOOKMARK [1][-]{section.4.2}{Time-Independent Schrodinger Equation}{chapter.4}% 64
\BOOKMARK [1][-]{section.4.3}{Statinogry States}{chapter.4}% 65
\BOOKMARK [1][-]{section.4.4}{The Infinite Square Well}{chapter.4}% 66
\BOOKMARK [1][-]{section.4.5}{Harmonic Oscillator}{chapter.4}% 67
\BOOKMARK [1][-]{section.4.6}{Free Particle}{chapter.4}% 68
\BOOKMARK [1][-]{section.4.7}{Delta-Function Potential}{chapter.4}% 69
\BOOKMARK [1][-]{section.4.8}{Finite Square Well}{chapter.4}% 70
\BOOKMARK [1][-]{section.4.9}{Wave-Packets}{chapter.4}% 71
\BOOKMARK [0][-]{chapter.5}{Systems with N degrees of freedom}{}% 72
\BOOKMARK [0][-]{chapter.6}{Symmetries and their Consequences}{}% 73
\BOOKMARK [0][-]{chapter.7}{Hydrogen Atom}{}% 74
\BOOKMARK [0][-]{chapter.8}{Approximations}{}% 75
\BOOKMARK [1][-]{section.8.1}{Variational Theory}{chapter.8}% 76
\BOOKMARK [1][-]{section.8.2}{Ground State of Helium}{chapter.8}% 77
\BOOKMARK [1][-]{section.8.3}{The Hydrogen Molecule Ion}{chapter.8}% 78
\BOOKMARK [1][-]{section.8.4}{The "Classical" Region}{chapter.8}% 79
\BOOKMARK [1][-]{section.8.5}{Tunneling}{chapter.8}% 80
\BOOKMARK [1][-]{section.8.6}{The Connection Formulae}{chapter.8}% 81
\BOOKMARK [1][-]{section.8.7}{The Adiabatic Theorem}{chapter.8}% 82
\BOOKMARK [1][-]{section.8.8}{Berry's Phase}{chapter.8}% 83
\BOOKMARK [0][-]{chapter.9}{Perturbation Theory}{}% 84
\BOOKMARK [1][-]{section.9.1}{Non-Degenerate Perturbation Theory}{chapter.9}% 85
\BOOKMARK [2][-]{subsection.9.1.1}{General Formulation}{section.9.1}% 86
\BOOKMARK [2][-]{subsection.9.1.2}{First order perturbation theory}{section.9.1}% 87
\BOOKMARK [2][-]{subsection.9.1.3}{Second order perturbation theory}{section.9.1}% 88
\BOOKMARK [1][-]{section.9.2}{Degenerate Perturbation Theory}{chapter.9}% 89
\BOOKMARK [2][-]{subsection.9.2.1}{Motivation}{section.9.2}% 90
\BOOKMARK [2][-]{subsection.9.2.2}{Twofold Degeneracy}{section.9.2}% 91
\BOOKMARK [2][-]{subsection.9.2.3}{Higher-Order Degeneracy}{section.9.2}% 92
\BOOKMARK [2][-]{subsection.9.2.4}{Lamb Shift}{section.9.2}% 93
\BOOKMARK [1][-]{section.9.3}{The Zeeman Effect}{chapter.9}% 94
\BOOKMARK [2][-]{subsection.9.3.1}{Weak-Field Zeeman Effect}{section.9.3}% 95
\BOOKMARK [2][-]{subsection.9.3.2}{Strong-Field Zeeman Effect}{section.9.3}% 96
\BOOKMARK [2][-]{subsection.9.3.3}{Intermediate Zeeman Effect}{section.9.3}% 97
\BOOKMARK [1][-]{section.9.4}{Hyperfine Splitting in Hydrogen}{chapter.9}% 98
\BOOKMARK [0][-]{chapter.10}{Scattering}{}% 99
\BOOKMARK [1][-]{section.10.1}{Introduction}{chapter.10}% 100
\BOOKMARK [1][-]{section.10.2}{Partial Wave Analysis}{chapter.10}% 101
\BOOKMARK [1][-]{section.10.3}{Phase Shift}{chapter.10}% 102
\BOOKMARK [1][-]{section.10.4}{Born Approximation}{chapter.10}% 103
\BOOKMARK [2][-]{subsection.10.4.1}{Integral Form of the Schrodinger Equation}{section.10.4}% 104
\BOOKMARK [2][-]{subsection.10.4.2}{The First Born Approximation}{section.10.4}% 105
\BOOKMARK [2][-]{subsection.10.4.3}{Examples}{section.10.4}% 106
\BOOKMARK [2][-]{subsection.10.4.4}{The Born series}{section.10.4}% 107
\BOOKMARK [0][-]{chapter.11}{Path Integral Formulation}{}% 108
\BOOKMARK [1][-]{section.11.1}{The Path Integral Recepie}{chapter.11}% 109
\BOOKMARK [1][-]{section.11.2}{An Approximation to U\(t\) for a Free Particle}{chapter.11}% 110
\BOOKMARK [1][-]{section.11.3}{Path Integral Evaluation of the Free-Particle Propagator}{chapter.11}% 111
\BOOKMARK [1][-]{section.11.4}{Equivalence to the Schrodinger Equation}{chapter.11}% 112
\BOOKMARK [1][-]{section.11.5}{Potentials of the form V = a + bx + cx2 + d \040+ ex }{chapter.11}% 113
\BOOKMARK [0][-]{chapter.12}{Dirac Equation}{}% 114
\BOOKMARK [0][-]{chapter.13}{The Heisenberg Picture/Theorems that connect to classical mech}{}% 115
\BOOKMARK [0][-]{chapter.14}{Epilogue: What lies ahead}{}% 116
