\BOOKMARK [1][-]{section.1}{Introduction}{}% 1
\BOOKMARK [1][-]{section.2}{Statement of the Problem}{}% 2
\BOOKMARK [1][-]{section.3}{The Euler-Lagrangian Equation}{}% 3
\BOOKMARK [1][-]{section.4}{The "Second Form" of the Euler Equation}{}% 4
\BOOKMARK [1][-]{section.5}{The "" Notation}{}% 5
\BOOKMARK [1][-]{section.6}{Special Cases}{}% 6
\BOOKMARK [2][-]{subsection.6.1}{F Does Not Contain y Explicitly}{section.6}% 7
\BOOKMARK [2][-]{subsection.6.2}{F Does Not Contain x Explicitly}{section.6}% 8
\BOOKMARK [1][-]{section.7}{Some extensions}{}% 9
\BOOKMARK [2][-]{subsection.7.1}{Several Dependent Variables}{section.7}% 10
\BOOKMARK [2][-]{subsection.7.2}{Several Independent Variables}{section.7}% 11
\BOOKMARK [2][-]{subsection.7.3}{Higher-Order Derivatives}{section.7}% 12
\BOOKMARK [2][-]{subsection.7.4}{Variable End-Points}{section.7}% 13
\BOOKMARK [1][-]{section.8}{Constrained Variation}{}% 14
\BOOKMARK [1][-]{section.9}{Physical Variational Principles}{}% 15
\BOOKMARK [2][-]{subsection.9.1}{Fermat's Principle in Optics}{section.9}% 16
\BOOKMARK [2][-]{subsection.9.2}{Hamilton's Principle in Mechanics}{section.9}% 17
\BOOKMARK [1][-]{section.10}{General Eigenvalue Problem}{}% 18
\BOOKMARK [1][-]{section.11}{Estimation of Eigenvalues and Eigenfunctions}{}% 19
\BOOKMARK [1][-]{section.12}{Adjustment of Parameters}{}% 20
