This is pdfTeX, Version 3.14159265-2.6-1.40.21 (MiKTeX 20.10) (preloaded format=pdflatex 2020.10.31)  11 DEC 2020 13:20
entering extended mode
**./AM.tex
(AM.tex
LaTeX2e <2020-10-01> patch level 1
L3 programming layer <2020-10-05> xparse <2020-03-03>
("D:\0.Library\0. Software\MikTek\tex/latex/base\book.cls"
Document Class: book 2020/04/10 v1.4m Standard LaTeX document class
("D:\0.Library\0. Software\MikTek\tex/latex/base\bk12.clo"
File: bk12.clo 2020/04/10 v1.4m Standard LaTeX file (size option)
)
\c@part=\count175
\c@chapter=\count176
\c@section=\count177
\c@subsection=\count178
\c@subsubsection=\count179
\c@paragraph=\count180
\c@subparagraph=\count181
\c@figure=\count182
\c@table=\count183
\abovecaptionskip=\skip47
\belowcaptionskip=\skip48
\bibindent=\dimen138
)
("D:\0.Library\0. Software\MikTek\tex/latex/base\inputenc.sty"
Package: inputenc 2020/08/01 v1.3d Input encoding file
\inpenc@prehook=\toks15
\inpenc@posthook=\toks16
)
("D:\0.Library\0. Software\MikTek\tex/latex/tools\bm.sty"
Package: bm 2019/07/24 v1.2d Bold Symbol Support (DPC/FMi)
\symboldoperators=\mathgroup4
\symboldletters=\mathgroup5
\symboldsymbols=\mathgroup6
LaTeX Font Info:    Redeclaring math alphabet \mathbf on input line 141.
LaTeX Info: Redefining \bm on input line 209.
)
("D:\0.Library\0. Software\MikTek\tex/latex/graphics\graphicx.sty"
Package: graphicx 2020/09/09 v1.2b Enhanced LaTeX Graphics (DPC,SPQR)

("D:\0.Library\0. Software\MikTek\tex/latex/graphics\keyval.sty"
Package: keyval 2014/10/28 v1.15 key=value parser (DPC)
\KV@toks@=\toks17
)
("D:\0.Library\0. Software\MikTek\tex/latex/graphics\graphics.sty"
Package: graphics 2020/08/30 v1.4c Standard LaTeX Graphics (DPC,SPQR)

("D:\0.Library\0. Software\MikTek\tex/latex/graphics\trig.sty"
Package: trig 2016/01/03 v1.10 sin cos tan (DPC)
)
("D:\0.Library\0. Software\MikTek\tex/latex/graphics-cfg\graphics.cfg"
File: graphics.cfg 2016/06/04 v1.11 sample graphics configuration
)
Package graphics Info: Driver file: pdftex.def on input line 105.

("D:\0.Library\0. Software\MikTek\tex/latex/graphics-def\pdftex.def"
File: pdftex.def 2020/10/05 v1.2a Graphics/color driver for pdftex
))
\Gin@req@height=\dimen139
\Gin@req@width=\dimen140
)
("D:\0.Library\0. Software\MikTek\tex/latex/lipsum\lipsum.sty"
("D:\0.Library\0. Software\MikTek\tex/latex/l3kernel\expl3.sty"
Package: expl3 2020-10-05 L3 programming layer (loader) 

("D:\0.Library\0. Software\MikTek\tex/latex/l3backend\l3backend-pdftex.def"
File: l3backend-pdftex.def 2020-09-24 L3 backend support: PDF output (pdfTeX)
\l__kernel_color_stack_int=\count184
\l__pdf_internal_box=\box47
))
("D:\0.Library\0. Software\MikTek\tex/latex/l3packages/xparse\xparse.sty"
Package: xparse 2020-10-05 L3 Experimental document command parser

("D:\0.Library\0. Software\MikTek\tex/latex/l3packages/xparse\xparse-generic.te
x"))
Package: lipsum 2019/01/02 v2.2 150 paragraphs of Lorem Ipsum dummy text
 ("D:\0.Library\0. Software\MikTek\tex/latex/lipsum\lipsum.ltd.tex"
File: lipsum.ltd.tex 2019/01/02 v2.2 The Lorem ipsum dummy text
))
("D:\0.Library\0. Software\MikTek\tex/latex/amsmath\amsmath.sty"
Package: amsmath 2020/09/23 v2.17i AMS math features
\@mathmargin=\skip49

For additional information on amsmath, use the `?' option.
("D:\0.Library\0. Software\MikTek\tex/latex/amsmath\amstext.sty"
Package: amstext 2000/06/29 v2.01 AMS text

("D:\0.Library\0. Software\MikTek\tex/latex/amsmath\amsgen.sty"
File: amsgen.sty 1999/11/30 v2.0 generic functions
\@emptytoks=\toks18
\ex@=\dimen141
))
("D:\0.Library\0. Software\MikTek\tex/latex/amsmath\amsbsy.sty"
Package: amsbsy 1999/11/29 v1.2d Bold Symbols
LaTeX Info: Redefining \boldsymbol on input line 28.
\pmbraise@=\dimen142
)
("D:\0.Library\0. Software\MikTek\tex/latex/amsmath\amsopn.sty"
Package: amsopn 2016/03/08 v2.02 operator names
)
\inf@bad=\count185
LaTeX Info: Redefining \frac on input line 234.
\uproot@=\count186
\leftroot@=\count187
LaTeX Info: Redefining \overline on input line 399.
\classnum@=\count188
\DOTSCASE@=\count189
LaTeX Info: Redefining \ldots on input line 496.
LaTeX Info: Redefining \dots on input line 499.
LaTeX Info: Redefining \cdots on input line 620.
\Mathstrutbox@=\box48
\strutbox@=\box49
\big@size=\dimen143
LaTeX Font Info:    Redeclaring font encoding OML on input line 743.
LaTeX Font Info:    Redeclaring font encoding OMS on input line 744.
\macc@depth=\count190
\c@MaxMatrixCols=\count191
\dotsspace@=\muskip16
\c@parentequation=\count192
\dspbrk@lvl=\count193
\tag@help=\toks19
\row@=\count194
\column@=\count195
\maxfields@=\count196
\andhelp@=\toks20
\eqnshift@=\dimen144
\alignsep@=\dimen145
\tagshift@=\dimen146
\tagwidth@=\dimen147
\totwidth@=\dimen148
\lineht@=\dimen149
\@envbody=\toks21
\multlinegap=\skip50
\multlinetaggap=\skip51
\mathdisplay@stack=\toks22
LaTeX Info: Redefining \[ on input line 2923.
LaTeX Info: Redefining \] on input line 2924.
)
("D:\0.Library\0. Software\MikTek\tex/latex/amsfonts\amssymb.sty"
Package: amssymb 2013/01/14 v3.01 AMS font symbols

("D:\0.Library\0. Software\MikTek\tex/latex/amsfonts\amsfonts.sty"
Package: amsfonts 2013/01/14 v3.01 Basic AMSFonts support
\symAMSa=\mathgroup7
\symAMSb=\mathgroup8
LaTeX Font Info:    Redeclaring math symbol \hbar on input line 98.
LaTeX Font Info:    Overwriting math alphabet `\mathfrak' in version `bold'
(Font)                  U/euf/m/n --> U/euf/b/n on input line 106.
))
("D:\0.Library\0. Software\MikTek\tex/latex/physics\physics.sty"
Package: physics 
)
("D:\0.Library\0. Software\MikTek\tex/latex/tcolorbox\tcolorbox.sty"
Package: tcolorbox 2020/10/09 version 4.42 text color boxes

("D:\0.Library\0. Software\MikTek\tex/latex/pgf/basiclayer\pgf.sty"
("D:\0.Library\0. Software\MikTek\tex/latex/pgf/utilities\pgfrcs.sty"
("D:\0.Library\0. Software\MikTek\tex/generic/pgf/utilities\pgfutil-common.tex"
\pgfutil@everybye=\toks23
\pgfutil@tempdima=\dimen150
\pgfutil@tempdimb=\dimen151

("D:\0.Library\0. Software\MikTek\tex/generic/pgf/utilities\pgfutil-common-list
s.tex"))
("D:\0.Library\0. Software\MikTek\tex/generic/pgf/utilities\pgfutil-latex.def"
\pgfutil@abb=\box50
) ("D:\0.Library\0. Software\MikTek\tex/generic/pgf/utilities\pgfrcs.code.tex"
("D:\0.Library\0. Software\MikTek\tex/generic/pgf\pgf.revision.tex")
Package: pgfrcs 2020/10/01 v3.1.6a (3.1.6a)
))
Package: pgf 2020/10/01 v3.1.6a (3.1.6a)

("D:\0.Library\0. Software\MikTek\tex/latex/pgf/basiclayer\pgfcore.sty"
("D:\0.Library\0. Software\MikTek\tex/latex/pgf/systemlayer\pgfsys.sty"
("D:\0.Library\0. Software\MikTek\tex/generic/pgf/systemlayer\pgfsys.code.tex"
Package: pgfsys 2020/10/01 v3.1.6a (3.1.6a)

("D:\0.Library\0. Software\MikTek\tex/generic/pgf/utilities\pgfkeys.code.tex"
\pgfkeys@pathtoks=\toks24
\pgfkeys@temptoks=\toks25

("D:\0.Library\0. Software\MikTek\tex/generic/pgf/utilities\pgfkeysfiltered.cod
e.tex"
\pgfkeys@tmptoks=\toks26
))
\pgf@x=\dimen152
\pgf@y=\dimen153
\pgf@xa=\dimen154
\pgf@ya=\dimen155
\pgf@xb=\dimen156
\pgf@yb=\dimen157
\pgf@xc=\dimen158
\pgf@yc=\dimen159
\pgf@xd=\dimen160
\pgf@yd=\dimen161
\w@pgf@writea=\write3
\r@pgf@reada=\read2
\c@pgf@counta=\count197
\c@pgf@countb=\count198
\c@pgf@countc=\count199
\c@pgf@countd=\count266
\t@pgf@toka=\toks27
\t@pgf@tokb=\toks28
\t@pgf@tokc=\toks29
\pgf@sys@id@count=\count267
 ("D:\0.Library\0. Software\MikTek\tex/generic/pgf/systemlayer\pgf.cfg"
File: pgf.cfg 2020/10/01 v3.1.6a (3.1.6a)
)
Driver file for pgf: pgfsys-pdftex.def

("D:\0.Library\0. Software\MikTek\tex/generic/pgf/systemlayer\pgfsys-pdftex.def
"
File: pgfsys-pdftex.def 2020/10/01 v3.1.6a (3.1.6a)

("D:\0.Library\0. Software\MikTek\tex/generic/pgf/systemlayer\pgfsys-common-pdf
.def"
File: pgfsys-common-pdf.def 2020/10/01 v3.1.6a (3.1.6a)
)))
("D:\0.Library\0. Software\MikTek\tex/generic/pgf/systemlayer\pgfsyssoftpath.co
de.tex"
File: pgfsyssoftpath.code.tex 2020/10/01 v3.1.6a (3.1.6a)
\pgfsyssoftpath@smallbuffer@items=\count268
\pgfsyssoftpath@bigbuffer@items=\count269
)
("D:\0.Library\0. Software\MikTek\tex/generic/pgf/systemlayer\pgfsysprotocol.co
de.tex"
File: pgfsysprotocol.code.tex 2020/10/01 v3.1.6a (3.1.6a)
)) ("D:\0.Library\0. Software\MikTek\tex/latex/xcolor\xcolor.sty"
Package: xcolor 2016/05/11 v2.12 LaTeX color extensions (UK)

("D:\0.Library\0. Software\MikTek\tex/latex/graphics-cfg\color.cfg"
File: color.cfg 2016/01/02 v1.6 sample color configuration
)
Package xcolor Info: Driver file: pdftex.def on input line 225.
Package xcolor Info: Model `cmy' substituted by `cmy0' on input line 1348.
Package xcolor Info: Model `hsb' substituted by `rgb' on input line 1352.
Package xcolor Info: Model `RGB' extended on input line 1364.
Package xcolor Info: Model `HTML' substituted by `rgb' on input line 1366.
Package xcolor Info: Model `Hsb' substituted by `hsb' on input line 1367.
Package xcolor Info: Model `tHsb' substituted by `hsb' on input line 1368.
Package xcolor Info: Model `HSB' substituted by `hsb' on input line 1369.
Package xcolor Info: Model `Gray' substituted by `gray' on input line 1370.
Package xcolor Info: Model `wave' substituted by `hsb' on input line 1371.
)
("D:\0.Library\0. Software\MikTek\tex/generic/pgf/basiclayer\pgfcore.code.tex"
Package: pgfcore 2020/10/01 v3.1.6a (3.1.6a)

("D:\0.Library\0. Software\MikTek\tex/generic/pgf/math\pgfmath.code.tex"
("D:\0.Library\0. Software\MikTek\tex/generic/pgf/math\pgfmathcalc.code.tex"
("D:\0.Library\0. Software\MikTek\tex/generic/pgf/math\pgfmathutil.code.tex")
("D:\0.Library\0. Software\MikTek\tex/generic/pgf/math\pgfmathparser.code.tex"
\pgfmath@dimen=\dimen162
\pgfmath@count=\count270
\pgfmath@box=\box51
\pgfmath@toks=\toks30
\pgfmath@stack@operand=\toks31
\pgfmath@stack@operation=\toks32
)
("D:\0.Library\0. Software\MikTek\tex/generic/pgf/math\pgfmathfunctions.code.te
x"
("D:\0.Library\0. Software\MikTek\tex/generic/pgf/math\pgfmathfunctions.basic.c
ode.tex")
("D:\0.Library\0. Software\MikTek\tex/generic/pgf/math\pgfmathfunctions.trigono
metric.code.tex")
("D:\0.Library\0. Software\MikTek\tex/generic/pgf/math\pgfmathfunctions.random.
code.tex")
("D:\0.Library\0. Software\MikTek\tex/generic/pgf/math\pgfmathfunctions.compari
son.code.tex")
("D:\0.Library\0. Software\MikTek\tex/generic/pgf/math\pgfmathfunctions.base.co
de.tex")
("D:\0.Library\0. Software\MikTek\tex/generic/pgf/math\pgfmathfunctions.round.c
ode.tex")
("D:\0.Library\0. Software\MikTek\tex/generic/pgf/math\pgfmathfunctions.misc.co
de.tex")
("D:\0.Library\0. Software\MikTek\tex/generic/pgf/math\pgfmathfunctions.integer
arithmetics.code.tex")))
("D:\0.Library\0. Software\MikTek\tex/generic/pgf/math\pgfmathfloat.code.tex"
\c@pgfmathroundto@lastzeros=\count271
)) ("D:\0.Library\0. Software\MikTek\tex/generic/pgf/math\pgfint.code.tex")
("D:\0.Library\0. Software\MikTek\tex/generic/pgf/basiclayer\pgfcorepoints.code
.tex"
File: pgfcorepoints.code.tex 2020/10/01 v3.1.6a (3.1.6a)
\pgf@picminx=\dimen163
\pgf@picmaxx=\dimen164
\pgf@picminy=\dimen165
\pgf@picmaxy=\dimen166
\pgf@pathminx=\dimen167
\pgf@pathmaxx=\dimen168
\pgf@pathminy=\dimen169
\pgf@pathmaxy=\dimen170
\pgf@xx=\dimen171
\pgf@xy=\dimen172
\pgf@yx=\dimen173
\pgf@yy=\dimen174
\pgf@zx=\dimen175
\pgf@zy=\dimen176
)
("D:\0.Library\0. Software\MikTek\tex/generic/pgf/basiclayer\pgfcorepathconstru
ct.code.tex"
File: pgfcorepathconstruct.code.tex 2020/10/01 v3.1.6a (3.1.6a)
\pgf@path@lastx=\dimen177
\pgf@path@lasty=\dimen178
)
("D:\0.Library\0. Software\MikTek\tex/generic/pgf/basiclayer\pgfcorepathusage.c
ode.tex"
File: pgfcorepathusage.code.tex 2020/10/01 v3.1.6a (3.1.6a)
\pgf@shorten@end@additional=\dimen179
\pgf@shorten@start@additional=\dimen180
)
("D:\0.Library\0. Software\MikTek\tex/generic/pgf/basiclayer\pgfcorescopes.code
.tex"
File: pgfcorescopes.code.tex 2020/10/01 v3.1.6a (3.1.6a)
\pgfpic=\box52
\pgf@hbox=\box53
\pgf@layerbox@main=\box54
\pgf@picture@serial@count=\count272
)
("D:\0.Library\0. Software\MikTek\tex/generic/pgf/basiclayer\pgfcoregraphicstat
e.code.tex"
File: pgfcoregraphicstate.code.tex 2020/10/01 v3.1.6a (3.1.6a)
\pgflinewidth=\dimen181
)
("D:\0.Library\0. Software\MikTek\tex/generic/pgf/basiclayer\pgfcoretransformat
ions.code.tex"
File: pgfcoretransformations.code.tex 2020/10/01 v3.1.6a (3.1.6a)
\pgf@pt@x=\dimen182
\pgf@pt@y=\dimen183
\pgf@pt@temp=\dimen184
)
("D:\0.Library\0. Software\MikTek\tex/generic/pgf/basiclayer\pgfcorequick.code.
tex"
File: pgfcorequick.code.tex 2020/10/01 v3.1.6a (3.1.6a)
)
("D:\0.Library\0. Software\MikTek\tex/generic/pgf/basiclayer\pgfcoreobjects.cod
e.tex"
File: pgfcoreobjects.code.tex 2020/10/01 v3.1.6a (3.1.6a)
)
("D:\0.Library\0. Software\MikTek\tex/generic/pgf/basiclayer\pgfcorepathprocess
ing.code.tex"
File: pgfcorepathprocessing.code.tex 2020/10/01 v3.1.6a (3.1.6a)
)
("D:\0.Library\0. Software\MikTek\tex/generic/pgf/basiclayer\pgfcorearrows.code
.tex"
File: pgfcorearrows.code.tex 2020/10/01 v3.1.6a (3.1.6a)
\pgfarrowsep=\dimen185
)
("D:\0.Library\0. Software\MikTek\tex/generic/pgf/basiclayer\pgfcoreshade.code.
tex"
File: pgfcoreshade.code.tex 2020/10/01 v3.1.6a (3.1.6a)
\pgf@max=\dimen186
\pgf@sys@shading@range@num=\count273
\pgf@shadingcount=\count274
)
("D:\0.Library\0. Software\MikTek\tex/generic/pgf/basiclayer\pgfcoreimage.code.
tex"
File: pgfcoreimage.code.tex 2020/10/01 v3.1.6a (3.1.6a)

("D:\0.Library\0. Software\MikTek\tex/generic/pgf/basiclayer\pgfcoreexternal.co
de.tex"
File: pgfcoreexternal.code.tex 2020/10/01 v3.1.6a (3.1.6a)
\pgfexternal@startupbox=\box55
))
("D:\0.Library\0. Software\MikTek\tex/generic/pgf/basiclayer\pgfcorelayers.code
.tex"
File: pgfcorelayers.code.tex 2020/10/01 v3.1.6a (3.1.6a)
)
("D:\0.Library\0. Software\MikTek\tex/generic/pgf/basiclayer\pgfcoretransparenc
y.code.tex"
File: pgfcoretransparency.code.tex 2020/10/01 v3.1.6a (3.1.6a)
)
("D:\0.Library\0. Software\MikTek\tex/generic/pgf/basiclayer\pgfcorepatterns.co
de.tex"
File: pgfcorepatterns.code.tex 2020/10/01 v3.1.6a (3.1.6a)
)
("D:\0.Library\0. Software\MikTek\tex/generic/pgf/basiclayer\pgfcorerdf.code.te
x"
File: pgfcorerdf.code.tex 2020/10/01 v3.1.6a (3.1.6a)
)))
("D:\0.Library\0. Software\MikTek\tex/generic/pgf/modules\pgfmoduleshapes.code.
tex"
File: pgfmoduleshapes.code.tex 2020/10/01 v3.1.6a (3.1.6a)
\pgfnodeparttextbox=\box56
)
("D:\0.Library\0. Software\MikTek\tex/generic/pgf/modules\pgfmoduleplot.code.te
x"
File: pgfmoduleplot.code.tex 2020/10/01 v3.1.6a (3.1.6a)
)
("D:\0.Library\0. Software\MikTek\tex/latex/pgf/compatibility\pgfcomp-version-0
-65.sty"
Package: pgfcomp-version-0-65 2020/10/01 v3.1.6a (3.1.6a)
\pgf@nodesepstart=\dimen187
\pgf@nodesepend=\dimen188
)
("D:\0.Library\0. Software\MikTek\tex/latex/pgf/compatibility\pgfcomp-version-1
-18.sty"
Package: pgfcomp-version-1-18 2020/10/01 v3.1.6a (3.1.6a)
)) ("D:\0.Library\0. Software\MikTek\tex/latex/tools\verbatim.sty"
Package: verbatim 2019/11/10 v1.5r LaTeX2e package for verbatim enhancements
\every@verbatim=\toks33
\verbatim@line=\toks34
\verbatim@in@stream=\read3
)
("D:\0.Library\0. Software\MikTek\tex/latex/environ\environ.sty"
Package: environ 2014/05/04 v0.3 A new way to define environments

("D:\0.Library\0. Software\MikTek\tex/latex/trimspaces\trimspaces.sty"
Package: trimspaces 2009/09/17 v1.1 Trim spaces around a token list
))
("D:\0.Library\0. Software\MikTek\tex/latex/etoolbox\etoolbox.sty"
Package: etoolbox 2020/10/05 v2.5k e-TeX tools for LaTeX (JAW)
\etb@tempcnta=\count275
)
\tcb@titlebox=\box57
\tcb@upperbox=\box58
\tcb@lowerbox=\box59
\tcb@phantombox=\box60
\c@tcbbreakpart=\count276
\c@tcblayer=\count277
\c@tcolorbox@number=\count278
\tcb@temp=\box61
\tcb@temp=\box62
\tcb@temp=\box63
\tcb@temp=\box64
\tcb@out=\write4
\tcb@record@out=\write5
)
("D:\0.Library\0. Software\MikTek\tex/latex/hyperref\hyperref.sty"
Package: hyperref 2020-05-15 v7.00e Hypertext links for LaTeX

("D:\0.Library\0. Software\MikTek\tex/generic/ltxcmds\ltxcmds.sty"
Package: ltxcmds 2020-05-10 v1.25 LaTeX kernel commands for general use (HO)
)
("D:\0.Library\0. Software\MikTek\tex/generic/iftex\iftex.sty"
Package: iftex 2020/03/06 v1.0d TeX engine tests
)
("D:\0.Library\0. Software\MikTek\tex/generic/pdftexcmds\pdftexcmds.sty"
Package: pdftexcmds 2020-06-27 v0.33 Utility functions of pdfTeX for LuaTeX (HO
)

("D:\0.Library\0. Software\MikTek\tex/generic/infwarerr\infwarerr.sty"
Package: infwarerr 2019/12/03 v1.5 Providing info/warning/error messages (HO)
)
Package pdftexcmds Info: \pdf@primitive is available.
Package pdftexcmds Info: \pdf@ifprimitive is available.
Package pdftexcmds Info: \pdfdraftmode found.
)
("D:\0.Library\0. Software\MikTek\tex/generic/kvsetkeys\kvsetkeys.sty"
Package: kvsetkeys 2019/12/15 v1.18 Key value parser (HO)
)
("D:\0.Library\0. Software\MikTek\tex/generic/kvdefinekeys\kvdefinekeys.sty"
Package: kvdefinekeys 2019-12-19 v1.6 Define keys (HO)
)
("D:\0.Library\0. Software\MikTek\tex/generic/pdfescape\pdfescape.sty"
Package: pdfescape 2019/12/09 v1.15 Implements pdfTeX's escape features (HO)
)
("D:\0.Library\0. Software\MikTek\tex/latex/hycolor\hycolor.sty"
Package: hycolor 2020-01-27 v1.10 Color options for hyperref/bookmark (HO)
)
("D:\0.Library\0. Software\MikTek\tex/latex/letltxmacro\letltxmacro.sty"
Package: letltxmacro 2019/12/03 v1.6 Let assignment for LaTeX macros (HO)
)
("D:\0.Library\0. Software\MikTek\tex/latex/auxhook\auxhook.sty"
Package: auxhook 2019-12-17 v1.6 Hooks for auxiliary files (HO)
)
("D:\0.Library\0. Software\MikTek\tex/latex/kvoptions\kvoptions.sty"
Package: kvoptions 2019/11/29 v3.13 Key value format for package options (HO)
)
\@linkdim=\dimen189
\Hy@linkcounter=\count279
\Hy@pagecounter=\count280

("D:\0.Library\0. Software\MikTek\tex/latex/hyperref\pd1enc.def"
File: pd1enc.def 2020-05-15 v7.00e Hyperref: PDFDocEncoding definition (HO)
Now handling font encoding PD1 ...
... no UTF-8 mapping file for font encoding PD1
)
("D:\0.Library\0. Software\MikTek\tex/generic/intcalc\intcalc.sty"
Package: intcalc 2019/12/15 v1.3 Expandable calculations with integers (HO)
)
("D:\0.Library\0. Software\MikTek\tex/generic/etexcmds\etexcmds.sty"
Package: etexcmds 2019/12/15 v1.7 Avoid name clashes with e-TeX commands (HO)
)
\Hy@SavedSpaceFactor=\count281
Package hyperref Info: Hyper figures OFF on input line 4464.
Package hyperref Info: Link nesting OFF on input line 4469.
Package hyperref Info: Hyper index ON on input line 4472.
Package hyperref Info: Plain pages OFF on input line 4479.
Package hyperref Info: Backreferencing OFF on input line 4484.
Package hyperref Info: Implicit mode ON; LaTeX internals redefined.
Package hyperref Info: Bookmarks ON on input line 4717.
\c@Hy@tempcnt=\count282

("D:\0.Library\0. Software\MikTek\tex/latex/url\url.sty"
\Urlmuskip=\muskip17
Package: url 2013/09/16  ver 3.4  Verb mode for urls, etc.
)
LaTeX Info: Redefining \url on input line 5076.
\XeTeXLinkMargin=\dimen190

("D:\0.Library\0. Software\MikTek\tex/generic/bitset\bitset.sty"
Package: bitset 2019/12/09 v1.3 Handle bit-vector datatype (HO)

("D:\0.Library\0. Software\MikTek\tex/generic/bigintcalc\bigintcalc.sty"
Package: bigintcalc 2019/12/15 v1.5 Expandable calculations on big integers (HO
)
))
\Fld@menulength=\count283
\Field@Width=\dimen191
\Fld@charsize=\dimen192
Package hyperref Info: Hyper figures OFF on input line 6347.
Package hyperref Info: Link nesting OFF on input line 6352.
Package hyperref Info: Hyper index ON on input line 6355.
Package hyperref Info: backreferencing OFF on input line 6362.
Package hyperref Info: Link coloring OFF on input line 6367.
Package hyperref Info: Link coloring with OCG OFF on input line 6372.
Package hyperref Info: PDF/A mode OFF on input line 6377.
LaTeX Info: Redefining \ref on input line 6417.
LaTeX Info: Redefining \pageref on input line 6421.

("D:\0.Library\0. Software\MikTek\tex/latex/base\atbegshi-ltx.sty"
Package: atbegshi-ltx 2020/08/17 v1.0a Emulation of the original atbegshi packa
ge
with kernel methods
)
\Hy@abspage=\count284
\c@Item=\count285
\c@Hfootnote=\count286
)
Package hyperref Info: Driver (autodetected): hpdftex.

("D:\0.Library\0. Software\MikTek\tex/latex/hyperref\hpdftex.def"
File: hpdftex.def 2020-05-15 v7.00e Hyperref driver for pdfTeX

("D:\0.Library\0. Software\MikTek\tex/latex/base\atveryend-ltx.sty"
Package: atveryend-ltx 2020/08/19 v1.0a Emulation of the original atvery packag
e
with kernel methods
)
\Fld@listcount=\count287
\c@bookmark@seq@number=\count288

("D:\0.Library\0. Software\MikTek\tex/latex/rerunfilecheck\rerunfilecheck.sty"
Package: rerunfilecheck 2019/12/05 v1.9 Rerun checks for auxiliary files (HO)

("D:\0.Library\0. Software\MikTek\tex/generic/uniquecounter\uniquecounter.sty"
Package: uniquecounter 2019/12/15 v1.4 Provide unlimited unique counter (HO)
)
Package uniquecounter Info: New unique counter `rerunfilecheck' on input line 2
86.
)
\Hy@SectionHShift=\skip52
) ("D:\0.Library\0. Software\MikTek\tex/latex/mathtools\mathtools.sty"
Package: mathtools 2020/03/24 v1.24 mathematical typesetting tools

("D:\0.Library\0. Software\MikTek\tex/latex/tools\calc.sty"
Package: calc 2017/05/25 v4.3 Infix arithmetic (KKT,FJ)
\calc@Acount=\count289
\calc@Bcount=\count290
\calc@Adimen=\dimen193
\calc@Bdimen=\dimen194
\calc@Askip=\skip53
\calc@Bskip=\skip54
LaTeX Info: Redefining \setlength on input line 80.
LaTeX Info: Redefining \addtolength on input line 81.
\calc@Ccount=\count291
\calc@Cskip=\skip55
)
("D:\0.Library\0. Software\MikTek\tex/latex/mathtools\mhsetup.sty"
Package: mhsetup 2017/03/31 v1.3 programming setup (MH)
)
LaTeX Info: Thecontrolsequence`\('isalreadyrobust on input line 130.
LaTeX Info: Thecontrolsequence`\)'isalreadyrobust on input line 130.
LaTeX Info: Thecontrolsequence`\['isalreadyrobust on input line 130.
LaTeX Info: Thecontrolsequence`\]'isalreadyrobust on input line 130.
\g_MT_multlinerow_int=\count292
\l_MT_multwidth_dim=\dimen195
\origjot=\skip56
\l_MT_shortvdotswithinadjustabove_dim=\dimen196
\l_MT_shortvdotswithinadjustbelow_dim=\dimen197
\l_MT_above_intertext_sep=\dimen198
\l_MT_below_intertext_sep=\dimen199
\l_MT_above_shortintertext_sep=\dimen256
\l_MT_below_shortintertext_sep=\dimen257
\xmathstrut@box=\box65
\xmathstrut@dim=\dimen258
)
("D:\0.Library\0. Software\MikTek\tex/latex/booktabs\booktabs.sty"
Package: booktabs 2020/01/12 v1.61803398 Publication quality tables
\heavyrulewidth=\dimen259
\lightrulewidth=\dimen260
\cmidrulewidth=\dimen261
\belowrulesep=\dimen262
\belowbottomsep=\dimen263
\aboverulesep=\dimen264
\abovetopsep=\dimen265
\cmidrulesep=\dimen266
\cmidrulekern=\dimen267
\defaultaddspace=\dimen268
\@cmidla=\count293
\@cmidlb=\count294
\@aboverulesep=\dimen269
\@belowrulesep=\dimen270
\@thisruleclass=\count295
\@lastruleclass=\count296
\@thisrulewidth=\dimen271
)
("D:\0.Library\0. Software\MikTek\tex/latex/fundus-calligra\calligra.sty"
Package: calligra 2012/04/10 v1.9 LaTeX package calligra
)
("D:\0.Library\0. Software\MikTek\tex/latex/jknappen\mathrsfs.sty"
Package: mathrsfs 1996/01/01 Math RSFS package v1.0 (jk)
\symrsfs=\mathgroup9
)
("D:\0.Library\0. Software\MikTek\tex/latex/tools\tabularx.sty"
Package: tabularx 2020/01/15 v2.11c `tabularx' package (DPC)

("D:\0.Library\0. Software\MikTek\tex/latex/tools\array.sty"
Package: array 2019/08/31 v2.4l Tabular extension package (FMi)
\col@sep=\dimen272
\ar@mcellbox=\box66
\extrarowheight=\dimen273
\NC@list=\toks35
\extratabsurround=\skip57
\backup@length=\skip58
\ar@cellbox=\box67
)
\TX@col@width=\dimen274
\TX@old@table=\dimen275
\TX@old@col=\dimen276
\TX@target=\dimen277
\TX@delta=\dimen278
\TX@cols=\count297
\TX@ftn=\toks36
) (AM.aux
(TeX_files/chapter13.aux) (TeX_files/chapter01.aux) (TeX_files/chapter02.aux

LaTeX Warning: Label `norm' multiply defined.

) (TeX_files/chapter03.aux) (TeX_files/chapter05.aux) (TeX_files/chapter15.aux)
(TeX_files/chapter04.aux) (TeX_files/chapter07.aux) (TeX_files/chapter08.aux)
(TeX_files/chapter09.aux) (TeX_files/chapter10.aux) (TeX_files/chapter11.aux)
(TeX_files/chapter14.aux))
\openout1 = `AM.aux'.

LaTeX Font Info:    Checking defaults for OML/cmm/m/it on input line 29.
LaTeX Font Info:    ... okay on input line 29.
LaTeX Font Info:    Checking defaults for OMS/cmsy/m/n on input line 29.
LaTeX Font Info:    ... okay on input line 29.
LaTeX Font Info:    Checking defaults for OT1/cmr/m/n on input line 29.
LaTeX Font Info:    ... okay on input line 29.
LaTeX Font Info:    Checking defaults for T1/cmr/m/n on input line 29.
LaTeX Font Info:    ... okay on input line 29.
LaTeX Font Info:    Checking defaults for TS1/cmr/m/n on input line 29.
LaTeX Font Info:    ... okay on input line 29.
LaTeX Font Info:    Checking defaults for OMX/cmex/m/n on input line 29.
LaTeX Font Info:    ... okay on input line 29.
LaTeX Font Info:    Checking defaults for U/cmr/m/n on input line 29.
LaTeX Font Info:    ... okay on input line 29.
LaTeX Font Info:    Checking defaults for PD1/pdf/m/n on input line 29.
LaTeX Font Info:    ... okay on input line 29.

("D:\0.Library\0. Software\MikTek\tex/context/base/mkii\supp-pdf.mkii"
[Loading MPS to PDF converter (version 2006.09.02).]
\scratchcounter=\count298
\scratchdimen=\dimen279
\scratchbox=\box68
\nofMPsegments=\count299
\nofMParguments=\count300
\everyMPshowfont=\toks37
\MPscratchCnt=\count301
\MPscratchDim=\dimen280
\MPnumerator=\count302
\makeMPintoPDFobject=\count303
\everyMPtoPDFconversion=\toks38
) ("D:\0.Library\0. Software\MikTek\tex/latex/epstopdf-pkg\epstopdf-base.sty"
Package: epstopdf-base 2020-01-24 v2.11 Base part for package epstopdf
Package epstopdf-base Info: Redefining graphics rule for `.eps' on input line 4
85.
)
Package hyperref Info: Link coloring OFF on input line 29.

("D:\0.Library\0. Software\MikTek\tex/latex/hyperref\nameref.sty"
Package: nameref 2019/09/16 v2.46 Cross-referencing by name of section

("D:\0.Library\0. Software\MikTek\tex/latex/refcount\refcount.sty"
Package: refcount 2019/12/15 v3.6 Data extraction from label references (HO)
)
("D:\0.Library\0. Software\MikTek\tex/generic/gettitlestring\gettitlestring.sty
"
Package: gettitlestring 2019/12/15 v1.6 Cleanup title references (HO)
)
\c@section@level=\count304
)
LaTeX Info: Redefining \ref on input line 29.
LaTeX Info: Redefining \pageref on input line 29.
LaTeX Info: Redefining \nameref on input line 29.
 (AM.out) (AM.out)
\@outlinefile=\write6
\openout6 = `AM.out'.

LaTeX Font Info:    Trying to load font information for U+msa on input line 37.


("D:\0.Library\0. Software\MikTek\tex/latex/amsfonts\umsa.fd"
File: umsa.fd 2013/01/14 v3.01 AMS symbols A
)
LaTeX Font Info:    Trying to load font information for U+msb on input line 37.


("D:\0.Library\0. Software\MikTek\tex/latex/amsfonts\umsb.fd"
File: umsb.fd 2013/01/14 v3.01 AMS symbols B
)
LaTeX Font Info:    Trying to load font information for U+rsfs on input line 37
.

("D:\0.Library\0. Software\MikTek\tex/latex/jknappen\ursfs.fd"
File: ursfs.fd 1998/03/24 rsfs font definition file (jk)
) [1



{C:/Users/Pugazh/AppData/Local/MiKTeX/pdftex/config/pdftex.map}] [2

] (AM.toc [3] [4]
[5] [6] [7]
Overfull \hbox (1.65845pt too wide) in paragraph at lines 199--199
 [][] [][]\OT1/cmr/m/n/12 Absorption, stim-u-lated emis-sion and spon-ta-neous 
emis- 
 []

[8])
\tf@toc=\write7
\openout7 = `AM.toc'.

 [9] [10

] [11] [12

] [1

] [2]
\openout2 = `./TeX_files/chapter13.aux'.

 (TeX_files/chapter13.tex
Chapter 1.

Underfull \hbox (badness 10000) in paragraph at lines 10--11

 []


Underfull \hbox (badness 10000) in paragraph at lines 12--13

 []


Underfull \hbox (badness 10000) in paragraph at lines 14--15

 []

[3


]
Underfull \hbox (badness 10000) in paragraph at lines 19--21

 []


Overfull \hbox (1.8025pt too wide) in paragraph at lines 30--33
\OT1/cmr/m/n/12 Where $\OML/cmm/m/it/12 E[] \OT1/cmr/m/n/12 = \OML/cmm/m/it/12 
E[]\OT1/cmr/m/n/12 (\OML/cmm/m/it/12 x; y; z\OT1/cmr/m/n/12 )$ and $\OML/cmm/m/
it/12 k \OT1/cmr/m/n/12 = [] = []$. As-sum-ing that $\OML/cmm/m/it/12 E[] \OT1/
cmr/m/n/12 = \OML/cmm/m/it/12 u\OT1/cmr/m/n/12 (\OML/cmm/m/it/12 x\OT1/cmr/m/n/
12 )\OML/cmm/m/it/12 v\OT1/cmr/m/n/12 (\OML/cmm/m/it/12 y\OT1/cmr/m/n/12 )\OML/
cmm/m/it/12 w\OT1/cmr/m/n/12 (\OML/cmm/m/it/12 z\OT1/cmr/m/n/12 )$
 []

[4] [5]
<Images//Oscillation modes.png, id=1213, 552.0625pt x 446.66875pt>
File: Images//Oscillation modes.png Graphic file (type png)
<use Images//Oscillation modes.png>
Package pdftex.def Info: Images//Oscillation modes.png  used on input line 79.
(pdftex.def)             Requested size: 272.99881pt x 220.88701pt.
 [6 <./Images//Oscillation modes.png>]
Overfull \hbox (183.00584pt too wide) has occurred while \output is active
\OT1/cmr/m/sl/12 1.4.  FAILURE OF THE RAYLEIGH JEANS THEORY IN EXPLAINING THE S
TEFAN-BOLTZMANN LAW \OT1/cmr/m/n/12 7
 []

[7] [8]) [9] [10



] [11] [12]
\openout2 = `./TeX_files/chapter01.aux'.

 (TeX_files/chapter01.tex
Chapter 2.
[13


]
<Images//wessel-plane.png, id=1264, 2007.5pt x 2823.54875pt>
File: Images//wessel-plane.png Graphic file (type png)
<use Images//wessel-plane.png>
Package pdftex.def Info: Images//wessel-plane.png  used on input line 35.
(pdftex.def)             Requested size: 100.38087pt x 141.1857pt.


LaTeX Warning: `h' float specifier changed to `ht'.


Underfull \hbox (badness 10000) in paragraph at lines 41--42

 []

[14] [15 <./Images//wessel-plane.png>] [16] [17] [18]
Overfull \hbox (60.01625pt too wide) detected at line 149
\OML/cmm/m/it/12 \OT1/cmr/m/n/12 (\OML/cmm/m/it/12 x\OT1/cmr/m/n/12 )\OML/cmm/
m/it/12 dx \OT1/cmr/m/n/12 = []\OML/cmm/m/it/12 x[]x \OT1/cmr/m/n/12 + \OML/cmm
/m/it/12 dx
 []

[19] [20] [21]

Package hyperref Warning: Token not allowed in a PDF string (PDFDocEncoding):
(hyperref)                removing `math shift' on input line 245.


Package hyperref Warning: Token not allowed in a PDF string (PDFDocEncoding):
(hyperref)                removing `\begingroup' on input line 245.


Package hyperref Warning: Token not allowed in a PDF string (PDFDocEncoding):
(hyperref)                removing `\endgroup' on input line 245.


Package hyperref Warning: Token not allowed in a PDF string (PDFDocEncoding):
(hyperref)                removing `\@@over' on input line 245.


Package hyperref Warning: Token not allowed in a PDF string (PDFDocEncoding):
(hyperref)                removing `superscript' on input line 245.


Package hyperref Warning: Token not allowed in a PDF string (PDFDocEncoding):
(hyperref)                removing `math shift' on input line 245.

[22]
<Images//delta-distribution.png, id=1362, 621.07031pt x 381.67593pt>
File: Images//delta-distribution.png Graphic file (type png)
<use Images//delta-distribution.png>
Package pdftex.def Info: Images//delta-distribution.png  used on input line 272
.
(pdftex.def)             Requested size: 310.5344pt x 190.8375pt.
 [23 <./Images//delta-distribution.png>]
LaTeX Font Info:    Font shape `T1/calligra/m/n' will be
(Font)              scaled to size 26.39996pt on input line 313.
LaTeX Font Info:    Font shape `T1/calligra/m/n' will be
(Font)              scaled to size 17.59998pt on input line 313.
LaTeX Font Info:    Font shape `T1/calligra/m/n' will be
(Font)              scaled to size 13.19998pt on input line 313.
 [24] [25]
LaTeX Font Info:    Font shape `T1/calligra/m/n' will be
(Font)              scaled to size 38.01593pt on input line 396.
LaTeX Font Info:    Font shape `T1/calligra/m/n' will be
(Font)              scaled to size 21.99997pt on input line 396.


Package hyperref Warning: Token not allowed in a PDF string (PDFDocEncoding):
(hyperref)                removing `math shift' on input line 396.


Package hyperref Warning: Token not allowed in a PDF string (PDFDocEncoding):
(hyperref)                removing `\epsilon' on input line 396.


Package hyperref Warning: Token not allowed in a PDF string (PDFDocEncoding):
(hyperref)                removing `math shift' on input line 396.

[26]
Overfull \hbox (13.6912pt too wide) in paragraph at lines 426--427
\OT1/cmr/m/n/12 The Levi-Civita Pseu-doten-sor i.e. Ten-sor den-sity is a com-p
letely anti-symmetric
 []

[27]
Underfull \hbox (badness 10000) in paragraph at lines 451--452

 []

[28]
LaTeX Font Info:    Font shape `T1/calligra/m/n' will be
(Font)              scaled to size 15.39998pt on input line 474.
LaTeX Font Info:    Font shape `T1/calligra/m/n' will be
(Font)              scaled to size 10.99998pt on input line 474.
 [29] [30]) [31] [32



] [33] [34]
\openout2 = `./TeX_files/chapter02.aux'.

 (TeX_files/chapter02.tex
Chapter 3.
[35


]
Overfull \hbox (73.61923pt too wide) detected at line 46
[][] [][] [][]\OML/cmm/m/it/12 dx \OT1/cmr/m/n/12 = []
 []

[36]
File: Images//delta-distribution.png Graphic file (type png)
<use Images//delta-distribution.png>
Package pdftex.def Info: Images//delta-distribution.png  used on input line 52.

(pdftex.def)             Requested size: 310.5344pt x 190.8375pt.

Underfull \hbox (badness 10000) in paragraph at lines 59--62

 []

[37]
Overfull \hbox (20.97621pt too wide) in paragraph at lines 89--103
\OT1/cmr/m/n/12 sub-sti-tute in the right hand of the equa-tion $2\OML/cmm/m/it
/12 i[] \OMS/cmsy/m/n/12  jh\OML/cmm/m/it/12  \OMS/cmsy/m/n/12 j[][]j\OML/cmm/
m/it/12  \OMS/cmsy/m/n/12 i  
 []

[38]
File: Images//delta-distribution.png Graphic file (type png)
<use Images//delta-distribution.png>
Package pdftex.def Info: Images//delta-distribution.png  used on input line 130
.
(pdftex.def)             Requested size: 310.5344pt x 190.8375pt.
 [39] [40]) [41] [42



] [43] [44]
\openout2 = `./TeX_files/chapter03.aux'.

 (TeX_files/chapter03.tex
Chapter 4.
LaTeX Font Info:    Font shape `T1/calligra/m/n' will be
(Font)              scaled to size 31.67993pt on input line 13.

Package hyperref Warning: Token not allowed in a PDF string (PDFDocEncoding):
(hyperref)                removing `math shift' on input line 13.


Package hyperref Warning: Token not allowed in a PDF string (PDFDocEncoding):
(hyperref)                removing `\psi' on input line 13.


Package hyperref Warning: Token not allowed in a PDF string (PDFDocEncoding):
(hyperref)                removing `subscript' on input line 13.


Package hyperref Warning: Token not allowed in a PDF string (PDFDocEncoding):
(hyperref)                removing `math shift' on input line 13.

)
Underfull \vbox (badness 5970) has occurred while \output is active []

 [45


]
[46] [47



] [48]
\openout2 = `./TeX_files/chapter05.aux'.

 (TeX_files/chapter05.tex
Chapter 5.

Package hyperref Warning: Token not allowed in a PDF string (PDFDocEncoding):
(hyperref)                removing `math shift' on input line 10.


Package hyperref Warning: Token not allowed in a PDF string (PDFDocEncoding):
(hyperref)                removing `subscript' on input line 10.


Package hyperref Warning: Token not allowed in a PDF string (PDFDocEncoding):
(hyperref)                removing `math shift' on input line 10.


Package hyperref Warning: Token not allowed in a PDF string (PDFDocEncoding):
(hyperref)                removing `math shift' on input line 12.


Package hyperref Warning: Token not allowed in a PDF string (PDFDocEncoding):
(hyperref)                removing `superscript' on input line 12.


Package hyperref Warning: Token not allowed in a PDF string (PDFDocEncoding):
(hyperref)                removing `math shift' on input line 12.


Package hyperref Warning: Token not allowed in a PDF string (PDFDocEncoding):
(hyperref)                removing `math shift' on input line 12.


Package hyperref Warning: Token not allowed in a PDF string (PDFDocEncoding):
(hyperref)                removing `subscript' on input line 12.


Package hyperref Warning: Token not allowed in a PDF string (PDFDocEncoding):
(hyperref)                removing `math shift' on input line 12.


Underfull \vbox (badness 10000) has occurred while \output is active []

 [49


]
Overfull \vbox (36.71681pt too high) has occurred while \output is active []


[50]) [51]
\openout2 = `./TeX_files/chapter15.aux'.

 (TeX_files/chapter15.tex [52




]
Chapter 6.
[53]) [54]
\openout2 = `./TeX_files/chapter04.aux'.

 (TeX_files/chapter04.tex
Chapter 7.

Overfull \hbox (49.90717pt too wide) in paragraph at lines 6--7
\OT1/cmr/m/n/12 Consider two par-ti-cles de-scribed clas-si-cally by the co-or-
di-nate sys-tem $\OMS/cmsy/m/n/12 f\OT1/cmr/m/n/12 (\OML/cmm/m/it/12 x[]; p[]\O
T1/cmr/m/n/12 )\OML/cmm/m/it/12 ; \OT1/cmr/m/n/12 (\OML/cmm/m/it/12 x[]; p[]\OT
1/cmr/m/n/12 )\OMS/cmsy/m/n/12 g$\OT1/cmr/m/n/12 .
 []


Package hyperref Warning: Token not allowed in a PDF string (PDFDocEncoding):
(hyperref)                removing `math shift' on input line 23.


Package hyperref Warning: Token not allowed in a PDF string (PDFDocEncoding):
(hyperref)                removing `subscript' on input line 23.


Package hyperref Warning: Token not allowed in a PDF string (PDFDocEncoding):
(hyperref)                removing `\otimes' on input line 23.


Package hyperref Warning: Token not allowed in a PDF string (PDFDocEncoding):
(hyperref)                removing `math shift' on input line 23.


Package hyperref Warning: Token not allowed in a PDF string (PDFDocEncoding):
(hyperref)                removing `math shift' on input line 25.


Package hyperref Warning: Token not allowed in a PDF string (PDFDocEncoding):
(hyperref)                removing `math shift' on input line 25.


Package hyperref Warning: Token not allowed in a PDF string (PDFDocEncoding):
(hyperref)                removing `math shift' on input line 25.


Package hyperref Warning: Token not allowed in a PDF string (PDFDocEncoding):
(hyperref)                removing `math shift' on input line 25.

[55




]
\c@enumTemp=\count305
\c@counterr=\count306

Overfull \hbox (20.92413pt too wide) in paragraph at lines 65--66
[]\OT1/cmr/m/n/12 Qauntize the sys-tem di-rectly by pro-mot-ing the co-or-di-na
te set $\OMS/cmsy/m/n/12 f\OML/cmm/m/it/12 x[]; x[]; p[]; p[]\OMS/cmsy/m/n/12 g
$
 []


Package hyperref Warning: Token not allowed in a PDF string (PDFDocEncoding):
(hyperref)                removing `math shift' on input line 70.


Package hyperref Warning: Token not allowed in a PDF string (PDFDocEncoding):
(hyperref)                removing `math shift' on input line 70.

[56]

Package hyperref Warning: Token not allowed in a PDF string (PDFDocEncoding):
(hyperref)                removing `math shift' on input line 76.


Package hyperref Warning: Token not allowed in a PDF string (PDFDocEncoding):
(hyperref)                removing `math shift' on input line 76.

) [57]
\openout2 = `./TeX_files/chapter07.aux'.

 (TeX_files/chapter07.tex [58




]
Chapter 8.
[59] [60]
<Images//coordinate.png, id=1617, 295.1025pt x 236.38312pt>
File: Images//coordinate.png Graphic file (type png)
<use Images//coordinate.png>
Package pdftex.def Info: Images//coordinate.png  used on input line 63.
(pdftex.def)             Requested size: 147.55087pt x 118.19127pt.
 [61 <./Images//coordinate.png>] [62] [63]
<Images//variational.png, id=1650, 684.30656pt x 375.65344pt>
File: Images//variational.png Graphic file (type png)
<use Images//variational.png>
Package pdftex.def Info: Images//variational.png  used on input line 207.
(pdftex.def)             Requested size: 273.71777pt x 150.2587pt.
 [64 <./Images//variational.png>] [65] [66] [67] [68]
Underfull \hbox (badness 10000) in paragraph at lines 357--358

 []


Underfull \hbox (badness 10000) in paragraph at lines 359--360

 []

[69]) [70]
\openout2 = `./TeX_files/chapter08.aux'.

 (TeX_files/chapter08.tex
Chapter 9.
[71




] [72] [73] [74] [75]
<Images//feyn-loop.png, id=1775, 545.03625pt x 132.495pt>
File: Images//feyn-loop.png Graphic file (type png)
<use Images//feyn-loop.png>
Package pdftex.def Info: Images//feyn-loop.png  used on input line 218.
(pdftex.def)             Requested size: 234.0034pt x 117.0023pt.


LaTeX Warning: `h' float specifier changed to `ht'.

[76] [77 <./Images//feyn-loop.png>] [78]
<Images//strong-split.png, id=1805, 618.31pt x 532.99126pt>
File: Images//strong-split.png Graphic file (type png)
<use Images//strong-split.png>
Package pdftex.def Info: Images//strong-split.png  used on input line 308.
(pdftex.def)             Requested size: 233.99791pt x 194.9997pt.
<Images//weak-split.png, id=1806, 371.3875pt x 405.515pt>
File: Images//weak-split.png Graphic file (type png)
<use Images//weak-split.png>
Package pdftex.def Info: Images//weak-split.png  used on input line 313.
(pdftex.def)             Requested size: 234.00935pt x 195.00386pt.


LaTeX Warning: `h' float specifier changed to `ht'.


LaTeX Warning: `h' float specifier changed to `ht'.

[79] [80 <./Images//strong-split.png>]
Underfull \vbox (badness 7540) has occurred while \output is active []

 [81 <./Images//weak-split.png>]
<Images//zee-table.png, id=1836, 683.55376pt x 377.41pt>
File: Images//zee-table.png Graphic file (type png)
<use Images//zee-table.png>
Package pdftex.def Info: Images//zee-table.png  used on input line 384.
(pdftex.def)             Requested size: 234.00102pt x 117.00165pt.
<Images//intermediate-split.png, id=1837, 491.8375pt x 646.415pt>
File: Images//intermediate-split.png Graphic file (type png)
<use Images//intermediate-split.png>
Package pdftex.def Info: Images//intermediate-split.png  used on input line 389
.
(pdftex.def)             Requested size: 234.00047pt x 234.00134pt.


LaTeX Warning: `h' float specifier changed to `ht'.


LaTeX Warning: `h' float specifier changed to `ht'.

[82] [83 <./Images//zee-table.png>] [84 <./Images//intermediate-split.png>]
<Images//hyp-split.png, id=1866, 748.7975pt x 401.5pt>
File: Images//hyp-split.png Graphic file (type png)
<use Images//hyp-split.png>
Package pdftex.def Info: Images//hyp-split.png  used on input line 438.
(pdftex.def)             Requested size: 233.99864pt x 117.00177pt.

[85 <./Images//hyp-split.png>] [86]
Overfull \hbox (22.94691pt too wide) in paragraph at lines 514--516
\OT1/cmr/m/n/12 The her-mitic-ity of $\OML/cmm/m/it/12 H[]$ \OT1/cmr/m/n/12 say
s that $\OML/cmm/m/it/12 H[] \OT1/cmr/m/n/12 = (\OML/cmm/m/it/12 H[]j\OT1/cmr/m
/n/12 )[]$. Now mul-ti-ply-ing with $\OMS/cmsy/m/n/12  \OT1/cmr/m/n/12 (\OML/cm
m/m/it/12 i=\U/msb/m/n/12 ~\OT1/cmr/m/n/12 )\OML/cmm/m/it/12 e[]$\OT1/cmr/m/n/1
2 ,
 []

[87]
Underfull \hbox (badness 10000) in paragraph at lines 543--545

 []


Underfull \hbox (badness 10000) in paragraph at lines 546--547

 []


Underfull \hbox (badness 10000) in paragraph at lines 549--553

 []


Underfull \hbox (badness 10000) in paragraph at lines 549--553

 []


Underfull \hbox (badness 10000) in paragraph at lines 558--561

 []

[88]
Overfull \hbox (4.49956pt too wide) in paragraph at lines 621--621
[]\OT1/cmr/bx/n/14.4 Absorption, stim-u-lated emis-sion and spon-ta-neous
 []

[89] [90]
Underfull \hbox (badness 10000) in paragraph at lines 667--671

 []


Underfull \hbox (badness 10000) in paragraph at lines 673--677

 []

[91] [92] [93]
Underfull \hbox (badness 10000) in paragraph at lines 754--760

 []


Underfull \hbox (badness 10000) in paragraph at lines 754--760

 []

) [94]
\openout2 = `./TeX_files/chapter09.aux'.

 (TeX_files/chapter09.tex
Chapter 10.
<Images//ClassicalScattering.png, id=1973, 171.64125pt x 132.495pt>
File: Images//ClassicalScattering.png Graphic file (type png)
<use Images//ClassicalScattering.png>
Package pdftex.def Info: Images//ClassicalScattering.png  used on input line 14
.
(pdftex.def)             Requested size: 205.96844pt x 158.99318pt.

Underfull \vbox (badness 10000) has occurred while \output is active []

 [95




]
[96 <./Images//ClassicalScattering.png>]
<Images//DiffScattering.png, id=1983, 383.031pt x 169.8345pt>
File: Images//DiffScattering.png Graphic file (type png)
<use Images//DiffScattering.png>
Package pdftex.def Info: Images//DiffScattering.png  used on input line 46.
(pdftex.def)             Requested size: 306.42522pt x 135.86777pt.
 [97 <./Images//DiffScattering.png>]
Overfull \hbox (5.34587pt too wide) in paragraph at lines 53--55
\OT1/cmr/m/n/12 In the quan-tum the-ory of scat-ter-ing, we imag-ine an in-ci-d
ent plane wave,$\OML/cmm/m/it/12  \OT1/cmr/m/n/12 (\OML/cmm/m/it/12 z\OT1/cmr/m
/n/12 ) =
 []

[98] [99]
<Images//Hankels.png, id=2014, 507.0945pt x 205.9695pt>
File: Images//Hankels.png Graphic file (type png)
<use Images//Hankels.png>
Package pdftex.def Info: Images//Hankels.png  used on input line 119.
(pdftex.def)             Requested size: 405.67613pt x 164.7758pt.

Overfull \hbox (15.67613pt too wide) in paragraph at lines 119--120
 [] 
 []

[100 <./Images//Hankels.png>] [101]
<Images//1d_scatt.png, id=2036, 291.33844pt x 177.66376pt>
File: Images//1d_scatt.png Graphic file (type png)
<use Images//1d_scatt.png>
Package pdftex.def Info: Images//1d_scatt.png  used on input line 184.
(pdftex.def)             Requested size: 174.8044pt x 106.59906pt.
 [102 <./Images//1d_scatt.png>] [103]
[104]
<Images//scatter_coord.png, id=2068, 147.55125pt x 126.4725pt>
File: Images//scatter_coord.png Graphic file (type png)
<use Images//scatter_coord.png>
Package pdftex.def Info: Images//scatter_coord.png  used on input line 277.
(pdftex.def)             Requested size: 88.53142pt x 75.88408pt.


LaTeX Warning: `h' float specifier changed to `ht'.


Overfull \hbox (4.45671pt too wide) detected at line 284
\OML/cmm/m/it/12 G\OT1/cmr/m/n/12 ([]) = [] [] = [](\OML/cmm/m/it/12 I[] \OMS/c
msy/m/n/12   \OML/cmm/m/it/12 I[]\OT1/cmr/m/n/12 )
 []

[105] [106 <./Images//scatter_coord.png>] [107] [108]
<Images//impulse_scatt.png, id=2110, 348.55219pt x 121.95563pt>
File: Images//impulse_scatt.png Graphic file (type png)
<use Images//impulse_scatt.png>
Package pdftex.def Info: Images//impulse_scatt.png  used on input line 420.
(pdftex.def)             Requested size: 174.27565pt x 60.97765pt.


LaTeX Warning: `h' float specifier changed to `ht'.

[109] [110 <./Images//impulse_scatt.png>]
<Images//born_series.png, id=2136, 707.64375pt x 140.02313pt>
File: Images//born_series.png Graphic file (type png)
<use Images//born_series.png>
Package pdftex.def Info: Images//born_series.png  used on input line 449.
(pdftex.def)             Requested size: 353.82101pt x 70.01138pt.
<Images//2000px-Bhabha_S_channel.svg.png, id=2140, 2007.5pt x 2007.5pt>
File: Images//2000px-Bhabha_S_channel.svg.png Graphic file (type png)
<use Images//2000px-Bhabha_S_channel.svg.png>
Package pdftex.def Info: Images//2000px-Bhabha_S_channel.svg.png  used on input
 line 464.
(pdftex.def)             Requested size: 200.76175pt x 200.76175pt.
)

LaTeX Warning: `h' float specifier changed to `ht'.

[111 <./Images//born_series.png>] [112 <./Images//2000px-Bhabha_S_channel.svg.p
ng>]
\openout2 = `./TeX_files/chapter10.aux'.

 (TeX_files/chapter10.tex
Chapter 11.
[113




]
Overfull \hbox (18.12816pt too wide) detected at line 23
[][]\OML/cmm/m/it/12  \OT1/cmr/m/n/12 (\OML/cmm/m/it/12 x; \OT1/cmr/m/n/12 ) =
 [][] [][] [] [] [] [] \OML/cmm/m/it/12  \OT1/cmr/m/n/12 (\OML/cmm/m/it/12 x \O
T1/cmr/m/n/12 + \OML/cmm/m/it/12 ; \OT1/cmr/m/n/12 0)\OML/cmm/m/it/12 d
 []

LaTeX Font Info:    Trying to load font information for U+euf on input line 35.

("D:\0.Library\0. Software\MikTek\tex/latex/amsfonts\ueuf.fd"
File: ueuf.fd 2013/01/14 v3.01 Euler Fraktur
) [114]
Overfull \hbox (17.90378pt too wide) detected at line 50
[][]\OML/cmm/m/it/12 U\OT1/cmr/m/n/12 (\OML/cmm/m/it/12 x[]; t[]\OT1/cmr/m/n/12
 ; \OML/cmm/m/it/12 x[]; t[]\OT1/cmr/m/n/12 ) = [][] = [] \OML/cmm/m/it/12 A []
[] [] [] [] dx[]
 []

)
Overfull \hbox (72.09827pt too wide) has occurred while \output is active
\OT1/cmr/m/sl/12 11.3.  PATH INTEGRAL EVALUATION OF THE FREE-PARTICLE PROPAGATO
R \OT1/cmr/m/n/12 115
 []

[115]
\openout2 = `./TeX_files/chapter11.aux'.

 (TeX_files/chapter11.tex [116




]
Chapter 12.
[117]) [118]
\openout2 = `./TeX_files/chapter14.aux'.

 (TeX_files/chapter14.tex
Chapter 13.
[119




]) [120] [121




] [122]
Underfull \hbox (badness 2662) in paragraph at lines 125--126
[]\OT1/cmr/m/n/12 Bassi, A., Lochan, K., Satin, S., Singh, T. P., & Ul-bricht,
 []


Underfull \hbox (badness 2005) in paragraph at lines 125--126
\OT1/cmr/m/n/12 H. (2013). Mod-els of wave-function col-lapse, un-der-ly-ing th
e-o-ries,
 []

[123] (AM.aux (TeX_files/chapter13.aux) (TeX_files/chapter01.aux)
(TeX_files/chapter02.aux) (TeX_files/chapter03.aux) (TeX_files/chapter05.aux)
(TeX_files/chapter15.aux) (TeX_files/chapter04.aux) (TeX_files/chapter07.aux)
(TeX_files/chapter08.aux) (TeX_files/chapter09.aux) (TeX_files/chapter10.aux)
(TeX_files/chapter11.aux) (TeX_files/chapter14.aux))
Package rerunfilecheck Info: File `AM.out' has not changed.
(rerunfilecheck)             Checksum: 4277688C06E6EB602F63ABEB70477122;16176.


LaTeX Warning: There were multiply-defined labels.

 ) 
Here is how much of TeX's memory you used:
 19260 strings out of 480236
 355411 string characters out of 2886654
 734515 words of memory out of 3000000
 34473 multiletter control sequences out of 15000+200000
 561097 words of font info for 122 fonts, out of 3000000 for 9000
 1141 hyphenation exceptions out of 8191
 76i,17n,88p,1047b,469s stack positions out of 5000i,500n,10000p,200000b,50000s
 <C:\Users\Pugazh\AppData\Local\MiKTeX\fonts/pk/ljfour/public/calligra/dpi105
6\callig15.pk> <C:\Users\Pugazh\AppData\Local\MiKTeX\fonts/pk/ljfour/jknappen/e
c/dpi600\tcrm1200.pk><D:/0.Library/0. Software/MikTek/fonts/type1/public/amsfon
ts/cm/cmbsy10.pfb><D:/0.Library/0. Software/MikTek/fonts/type1/public/amsfonts/
cm/cmbx12.pfb><D:/0.Library/0. Software/MikTek/fonts/type1/public/amsfonts/cm/c
mbx8.pfb><D:/0.Library/0. Software/MikTek/fonts/type1/public/amsfonts/cm/cmbxti
10.pfb><D:/0.Library/0. Software/MikTek/fonts/type1/public/amsfonts/cm/cmex10.p
fb><D:/0.Library/0. Software/MikTek/fonts/type1/public/amsfonts/cmextra/cmex8.p
fb><D:/0.Library/0. Software/MikTek/fonts/type1/public/amsfonts/cm/cmmi10.pfb><
D:/0.Library/0. Software/MikTek/fonts/type1/public/amsfonts/cm/cmmi12.pfb><D:/0
.Library/0. Software/MikTek/fonts/type1/public/amsfonts/cm/cmmi6.pfb><D:/0.Libr
ary/0. Software/MikTek/fonts/type1/public/amsfonts/cm/cmmi8.pfb><D:/0.Library/0
. Software/MikTek/fonts/type1/public/amsfonts/cm/cmmib10.pfb><D:/0.Library/0. S
oftware/MikTek/fonts/type1/public/amsfonts/cm/cmr10.pfb><D:/0.Library/0. Softwa
re/MikTek/fonts/type1/public/amsfonts/cm/cmr12.pfb><D:/0.Library/0. Software/Mi
kTek/fonts/type1/public/amsfonts/cm/cmr17.pfb><D:/0.Library/0. Software/MikTek/
fonts/type1/public/amsfonts/cm/cmr6.pfb><D:/0.Library/0. Software/MikTek/fonts/
type1/public/amsfonts/cm/cmr7.pfb><D:/0.Library/0. Software/MikTek/fonts/type1/
public/amsfonts/cm/cmr8.pfb><D:/0.Library/0. Software/MikTek/fonts/type1/public
/amsfonts/cm/cmsl12.pfb><D:/0.Library/0. Software/MikTek/fonts/type1/public/ams
fonts/cm/cmsy10.pfb><D:/0.Library/0. Software/MikTek/fonts/type1/public/amsfont
s/cm/cmsy6.pfb><D:/0.Library/0. Software/MikTek/fonts/type1/public/amsfonts/cm/
cmsy8.pfb><D:/0.Library/0. Software/MikTek/fonts/type1/public/amsfonts/cm/cmti1
2.pfb><D:/0.Library/0. Software/MikTek/fonts/type1/public/amsfonts/euler/eufm10
.pfb><D:/0.Library/0. Software/MikTek/fonts/type1/public/amsfonts/symbols/msbm1
0.pfb><D:/0.Library/0. Software/MikTek/fonts/type1/public/amsfonts/symbols/msbm
7.pfb><D:/0.Library/0. Software/MikTek/fonts/type1/public/rsfs/rsfs10.pfb>
Output written on AM.pdf (135 pages, 1315188 bytes).
PDF statistics:
 2541 PDF objects out of 2984 (max. 8388607)
 849 named destinations out of 1000 (max. 500000)
 1884 words of extra memory for PDF output out of 10000 (max. 10000000)

