\BOOKMARK [0][-]{chapter.1}{Tensor-Algebra}{}% 1
\BOOKMARK [1][-]{section.1.1}{Vector Transformation Rules}{chapter.1}% 2
\BOOKMARK [1][-]{section.1.2}{Index Notation}{chapter.1}% 3
\BOOKMARK [2][-]{subsection.1.2.1}{Einstein Notation i.e. Summing convention}{section.1.2}% 4
\BOOKMARK [2][-]{subsection.1.2.2}{Index Convention}{section.1.2}% 5
\BOOKMARK [1][-]{section.1.3}{Covectors}{chapter.1}% 6
\BOOKMARK [2][-]{subsection.1.3.1}{Contravariant Components}{section.1.3}% 7
\BOOKMARK [2][-]{subsection.1.3.2}{Covariant Components}{section.1.3}% 8
\BOOKMARK [2][-]{subsection.1.3.3}{Relationship Between the Two Types of Components}{section.1.3}% 9
\BOOKMARK [2][-]{subsection.1.3.4}{Using Cramer's Method to find Components}{section.1.3}% 10
\BOOKMARK [1][-]{section.1.4}{Linear Maps}{chapter.1}% 11
\BOOKMARK [1][-]{section.1.5}{Metric Tensor}{chapter.1}% 12
\BOOKMARK [1][-]{section.1.6}{Bilinear Forms}{chapter.1}% 13
\BOOKMARK [1][-]{section.1.7}{Clearer Definitions}{chapter.1}% 14
\BOOKMARK [2][-]{subsection.1.7.1}{Linear Maps}{section.1.7}% 15
\BOOKMARK [2][-]{subsection.1.7.2}{Bilinear Forms}{section.1.7}% 16
\BOOKMARK [2][-]{subsection.1.7.3}{Tensors}{section.1.7}% 17
\BOOKMARK [1][-]{section.1.8}{Tensor Addition and Subtraction}{chapter.1}% 18
\BOOKMARK [1][-]{section.1.9}{Tensor Products}{chapter.1}% 19
\BOOKMARK [2][-]{subsection.1.9.1}{Tensor Product}{section.1.9}% 20
\BOOKMARK [2][-]{subsection.1.9.2}{Kronecker Product}{section.1.9}% 21
\BOOKMARK [2][-]{subsection.1.9.3}{Array Multiplication}{section.1.9}% 22
\BOOKMARK [2][-]{subsection.1.9.4}{Tensor Product Spaces}{section.1.9}% 23
\BOOKMARK [1][-]{section.1.10}{Raising and Lowering Indices}{chapter.1}% 24
\BOOKMARK [0][-]{chapter.2}{Tensor-Calculus}{}% 25
\BOOKMARK [1][-]{section.2.1}{Derivatives}{chapter.2}% 26
\BOOKMARK [1][-]{section.2.2}{Covector Field}{chapter.2}% 27
\BOOKMARK [1][-]{section.2.3}{Differential Forms}{chapter.2}% 28
\BOOKMARK [1][-]{section.2.4}{Gradient}{chapter.2}% 29
\BOOKMARK [1][-]{section.2.5}{Geodesics}{chapter.2}% 30
\BOOKMARK [1][-]{section.2.6}{Covariant Derivative}{chapter.2}% 31
\BOOKMARK [2][-]{subsection.2.6.1}{Properties}{section.2.6}% 32
\BOOKMARK [1][-]{section.2.7}{Lie Brackets and Flow}{chapter.2}% 33
\BOOKMARK [1][-]{section.2.8}{Interesting Tensors}{chapter.2}% 34
\BOOKMARK [2][-]{subsection.2.8.1}{Kronecker delta}{section.2.8}% 35
\BOOKMARK [2][-]{subsection.2.8.2}{Levi-Civita Pseudotensor}{section.2.8}% 36
\BOOKMARK [2][-]{subsection.2.8.3}{Inertia Tensor}{section.2.8}% 37
\BOOKMARK [2][-]{subsection.2.8.4}{Electromagnetic Field Tensor}{section.2.8}% 38
\BOOKMARK [2][-]{subsection.2.8.5}{Torsion Tensor}{section.2.8}% 39
\BOOKMARK [2][-]{subsection.2.8.6}{The Riemann Curvature Tensor}{section.2.8}% 40
\BOOKMARK [2][-]{subsection.2.8.7}{The Ricci Tensor}{section.2.8}% 41
