\BOOKMARK [0][-]{chapter.1}{Vector Analysis}{}% 1
\BOOKMARK [1][-]{section.1.1}{Vector Algebra}{chapter.1}% 2
\BOOKMARK [1][-]{section.1.2}{Differential Calculus}{chapter.1}% 3
\BOOKMARK [2][-]{subsection.1.2.1}{"Ordinary Derivatives"s}{section.1.2}% 4
\BOOKMARK [2][-]{subsection.1.2.2}{Gradient}{section.1.2}% 5
\BOOKMARK [2][-]{subsection.1.2.3}{The Del Operator}{section.1.2}% 6
\BOOKMARK [2][-]{subsection.1.2.4}{The Divergence}{section.1.2}% 7
\BOOKMARK [2][-]{subsection.1.2.5}{The Curl}{section.1.2}% 8
\BOOKMARK [2][-]{subsection.1.2.6}{Product Rules}{section.1.2}% 9
\BOOKMARK [2][-]{subsection.1.2.7}{Second Derivatives}{section.1.2}% 10
\BOOKMARK [1][-]{section.1.3}{Integral Calculus}{chapter.1}% 11
\BOOKMARK [1][-]{section.1.4}{Curvilinear Coordinates}{chapter.1}% 12
\BOOKMARK [2][-]{subsection.1.4.1}{Spherical Coordinates}{section.1.4}% 13
\BOOKMARK [2][-]{subsection.1.4.2}{Cynlindrical Coordinates}{section.1.4}% 14
\BOOKMARK [1][-]{section.1.5}{The Dirac Delta Function}{chapter.1}% 15
\BOOKMARK [2][-]{subsection.1.5.1}{The Divergence of r2}{section.1.5}% 16
\BOOKMARK [2][-]{subsection.1.5.2}{The One-Dimensional Dirac Delta Function}{section.1.5}% 17
\BOOKMARK [2][-]{subsection.1.5.3}{The Three-Dimensional Dirac Delta Function}{section.1.5}% 18
\BOOKMARK [1][-]{section.1.6}{The Theory of Vector Fields}{chapter.1}% 19
\BOOKMARK [2][-]{subsection.1.6.1}{The Helmoltz Theorem}{section.1.6}% 20
\BOOKMARK [2][-]{subsection.1.6.2}{Potentials}{section.1.6}% 21
\BOOKMARK [0][-]{chapter.2}{Potentials And Fields}{}% 22
\BOOKMARK [0][-]{chapter.3}{Electromagnetic Waves}{}% 23
\BOOKMARK [0][-]{chapter.4}{Electromagnetic Radiation}{}% 24
\BOOKMARK [0][-]{chapter.5}{Tensors and Lagrangians}{}% 25
\BOOKMARK [0][-]{chapter.6}{Helmholtz Theorem}{}% 26
